#
# A fatal error has been detected by the Java Runtime Environment:
#
#  SIGBUS (0xa) at pc=0x000000010adef0b7, pid=38233, tid=28695
#
# JRE version: Java(TM) SE Runtime Environment (7.0_75-b13) (build 1.7.0_75-b13)
# Java VM: Java HotSpot(TM) 64-Bit Server VM (24.75-b04 mixed mode bsd-amd64 compressed oops)
# Problematic frame:
# C  [libzip.dylib+0x30b7]  newEntry+0x154
#
# Failed to write core dump. Core dumps have been disabled. To enable core dumping, try "ulimit -c unlimited" before starting Java again
#
# If you would like to submit a bug report, please visit:
#   http://bugreport.sun.com/bugreport/crash.jsp
# The crash happened outside the Java Virtual Machine in native code.
# See problematic frame for where to report the bug.
#

---------------  T H R E A D  ---------------

Current thread (0x00007ffbf6035000):  JavaThread "Daemon worker Thread 6" [_thread_in_native, id=28695, stack(0x000000011632d000,0x000000011642d000)]

siginfo:si_signo=SIGBUS: si_errno=0, si_code=2 (BUS_ADRERR), si_addr=0x0000000113b573a3

Registers:
RAX=0x00007ffbf1e4de20, RBX=0x0000000113b57397, RCX=0x0000000000000001, RDX=0x0000000000000008
RSP=0x00000001164292f0, RBP=0x0000000116429350, RSI=0x00007ffbf4300000, RDI=0x000000010acc8400
R8 =0x0000000000000004, R9 =0x00000000f0000000, R10=0x0000000000000007, R11=0x00007ffbf4300000
R12=0x0000000000000290, R13=0x00007ffbf4187830, R14=0x00007ffbf1e4de20, R15=0x00007ffbf4327300
RIP=0x000000010adef0b7, EFLAGS=0x0000000000010202, ERR=0x0000000000000004
  TRAPNO=0x000000000000000e

Top of Stack: (sp=0x00000001164292f0)
0x00000001164292f0:   000000000000003a 00000000f6035000
0x0000000116429300:   000000011642934e 0000000116429798
0x0000000116429310:   0000000116429330 00007ffbf1e4de20
0x0000000116429320:   00007ffbf4306170 000000009141967c
0x0000000116429330:   0000000000000290 00007ffbf4187830
0x0000000116429340:   00007ffbf1e4de20 00007ffbf4327300
0x0000000116429350:   00000001164293a0 000000010adef725
0x0000000116429360:   000000000000003a 0000003af6035000
0x0000000116429370:   00000001164293be 0000000116429808
0x0000000116429380:   000000000000003a 00000001164293be
0x0000000116429390:   00007ffbf1e4de20 00007ffbf60351e8
0x00000001164293a0:   00000001164297f0 000000010adee570
0x00000001164293b0:   0000000100000000 454d000000000001
0x00000001164293c0:   672f464e492d4154 6c702d656c646172
0x00000001164293d0:   6f632f736e696775 696f72646e612e6d
0x00000001164293e0:   63696c7070612e64 72702e6e6f697461
0x00000001164293f0:   736569747265706f 0000000700000000
0x0000000116429400:   0000000100000000 000000010b7e9e2c
0x0000000116429410:   0000007500000000 0000000100000000
0x0000000116429420:   00000001b30729d0 0000000100000000
0x0000000116429430:   0000000100000000 0000000100000000
0x0000000116429440:   0000000100000000 0000000100000000
0x0000000116429450:   0000000100000000 0000000700000000
0x0000000116429460:   0000000116429bb0 00000007b340f100
0x0000000116429470:   646c697500000000 0000747000000000
0x0000000116429480:   7700747200000000 00747267b30729d0
0x0000000116429490:   0000000100000000 0000000700000000
0x00000001164294a0:   0000000100000000 0000000100000000
0x00000001164294b0:   0000000400000000 0000000100000000
0x00000001164294c0:   0000000400000000 0000000700000000
0x00000001164294d0:   0000000100000000 00000007c03694e8
0x00000001164294e0:   0000000700000000 0000000700000000 

Instructions: (pc=0x000000010adef0b7)
0x000000010adef097:   49 8b 7f 38 e8 9c 1a 00 00 4d 89 77 38 49 89 5f
0x000000010adef0a7:   40 4c 89 f0 48 85 c0 0f 84 16 05 00 00 48 89 c3
0x000000010adef0b7:   0f b6 43 0c 0f b6 4b 0d 48 c1 e1 08 48 01 c1 0f
0x000000010adef0c7:   b6 43 0e 0f b6 53 0f 48 c1 e2 08 48 01 c2 48 c1 

Register to memory mapping:

RAX=0x00007ffbf1e4de20 is an unknown value
RBX=0x0000000113b57397 is an unknown value
RCX=0x0000000000000001 is an unknown value
RDX=0x0000000000000008 is an unknown value
RSP=0x00000001164292f0 is pointing into the stack for thread: 0x00007ffbf6035000
RBP=0x0000000116429350 is pointing into the stack for thread: 0x00007ffbf6035000
RSI=0x00007ffbf4300000 is an unknown value
RDI=0x000000010acc8400 is an unknown value
R8 =0x0000000000000004 is an unknown value
R9 =0x00000000f0000000 is an unknown value
R10=0x0000000000000007 is an unknown value
R11=0x00007ffbf4300000 is an unknown value
R12=0x0000000000000290 is an unknown value
R13=0x00007ffbf4187830 is an unknown value
R14=0x00007ffbf1e4de20 is an unknown value
R15=0x00007ffbf4327300 is an unknown value


Stack: [0x000000011632d000,0x000000011642d000],  sp=0x00000001164292f0,  free space=1008k
Native frames: (J=compiled Java code, j=interpreted, Vv=VM code, C=native code)
C  [libzip.dylib+0x30b7]  newEntry+0x154
C  [libzip.dylib+0x3725]  ZIP_GetEntry+0xa2
C  [libzip.dylib+0x2570]  Java_java_util_zip_ZipFile_getEntry+0xdd
J 65  java.util.zip.ZipFile.getEntry(J[BZ)J (0 bytes) @ 0x000000010c207d8e [0x000000010c207cc0+0xce]

Java frames: (J=compiled Java code, j=interpreted, Vv=VM code)
J 65  java.util.zip.ZipFile.getEntry(J[BZ)J (0 bytes) @ 0x000000010c207d18 [0x000000010c207cc0+0x58]
J 181 C2 java.util.jar.JarFile.getEntry(Ljava/lang/String;)Ljava/util/zip/ZipEntry; (22 bytes) @ 0x000000010c2656e8 [0x000000010c265620+0xc8]
J 274 C2 sun.misc.URLClassPath$JarLoader.getResource(Ljava/lang/String;Z)Lsun/misc/Resource; (91 bytes) @ 0x000000010c38f328 [0x000000010c38f2a0+0x88]
J 364 C2 sun.misc.URLClassPath.findResource(Ljava/lang/String;Z)Ljava/net/URL; (38 bytes) @ 0x000000010c3e47f0 [0x000000010c3e4780+0x70]
j  java.net.URLClassLoader$2.run()Ljava/net/URL;+12
j  java.net.URLClassLoader$2.run()Ljava/lang/Object;+1
v  ~StubRoutines::call_stub
j  java.security.AccessController.doPrivileged(Ljava/security/PrivilegedAction;Ljava/security/AccessControlContext;)Ljava/lang/Object;+0
j  java.net.URLClassLoader.findResource(Ljava/lang/String;)Ljava/net/URL;+13
j  java.lang.ClassLoader.getResource(Ljava/lang/String;)Ljava/net/URL;+30
j  org.gradle.api.internal.plugins.ClassloaderBackedPluginDescriptorLocator.findPluginDescriptor(Ljava/lang/String;)Lorg/gradle/api/internal/plugins/PluginDescriptor;+17
j  org.gradle.api.internal.plugins.DefaultPluginRegistry$1.load(Lorg/gradle/api/internal/plugins/DefaultPluginRegistry$PluginIdLookupCacheKey;)Lcom/google/common/base/Optional;+26
j  org.gradle.api.internal.plugins.DefaultPluginRegistry$1.load(Ljava/lang/Object;)Ljava/lang/Object;+5
j  com.google.common.cache.LocalCache$LoadingValueReference.loadFuture(Ljava/lang/Object;Lcom/google/common/cache/CacheLoader;)Lcom/google/common/util/concurrent/ListenableFuture;+24
j  com.google.common.cache.LocalCache$Segment.loadSync(Ljava/lang/Object;ILcom/google/common/cache/LocalCache$LoadingValueReference;Lcom/google/common/cache/CacheLoader;)Ljava/lang/Object;+4
j  com.google.common.cache.LocalCache$Segment.lockedGetOrLoad(Ljava/lang/Object;ILcom/google/common/cache/CacheLoader;)Ljava/lang/Object;+379
j  com.google.common.cache.LocalCache$Segment.get(Ljava/lang/Object;ILcom/google/common/cache/CacheLoader;)Ljava/lang/Object;+138
j  com.google.common.cache.LocalCache.get(Ljava/lang/Object;Lcom/google/common/cache/CacheLoader;)Ljava/lang/Object;+17
j  com.google.common.cache.LocalCache.getOrLoad(Ljava/lang/Object;)Ljava/lang/Object;+6
j  com.google.common.cache.LocalCache$LocalLoadingCache.get(Ljava/lang/Object;)Ljava/lang/Object;+5
j  org.gradle.api.internal.plugins.DefaultPluginRegistry.uncheckedGet(Lcom/google/common/cache/LoadingCache;Ljava/lang/Object;)Ljava/lang/Object;+2
j  org.gradle.api.internal.plugins.DefaultPluginRegistry.lookup(Lorg/gradle/plugin/internal/PluginId;Ljava/lang/ClassLoader;)Lorg/gradle/api/internal/plugins/PluginImplementation;+61
j  org.gradle.api.internal.plugins.DefaultPluginRegistry.lookup(Lorg/gradle/plugin/internal/PluginId;)Lorg/gradle/api/internal/plugins/PluginImplementation;+35
j  org.gradle.api.internal.plugins.DefaultPluginManager.apply(Ljava/lang/String;)V+8
j  org.gradle.api.internal.plugins.DefaultObjectConfigurationAction.applyType(Ljava/lang/String;)V+43
j  org.gradle.api.internal.plugins.DefaultObjectConfigurationAction.access$200(Lorg/gradle/api/internal/plugins/DefaultObjectConfigurationAction;Ljava/lang/String;)V+2
j  org.gradle.api.internal.plugins.DefaultObjectConfigurationAction$3.run()V+8
j  org.gradle.api.internal.plugins.DefaultObjectConfigurationAction.execute()V+58
j  org.gradle.api.internal.project.AbstractPluginAware.apply(Ljava/util/Map;)V+12
j  org.gradle.api.plugins.PluginAware$apply.call(Ljava/lang/Object;Ljava/lang/Object;)Ljava/lang/Object;+17
j  org.gradle.api.internal.project.ProjectScript.apply(Ljava/util/Map;)V+19
j  org.gradle.api.Script$apply$0.callCurrent(Lgroovy/lang/GroovyObject;Ljava/lang/Object;)Ljava/lang/Object;+17
j  build_f0va6ig4ajbci1vu3wssq1grt.run()Ljava/lang/Object;+26
j  org.gradle.groovy.scripts.internal.DefaultScriptRunnerFactory$ScriptRunnerImpl.run()V+48
j  org.gradle.configuration.DefaultScriptPluginFactory$ScriptPluginImpl$1.run()V+62
j  org.gradle.configuration.DefaultScriptPluginFactory$ScriptPluginImpl.apply(Ljava/lang/Object;)V+504
j  org.gradle.configuration.project.BuildScriptProcessor.execute(Lorg/gradle/api/internal/project/ProjectInternal;)V+85
j  org.gradle.configuration.project.BuildScriptProcessor.execute(Ljava/lang/Object;)V+5
j  org.gradle.configuration.project.ConfigureActionsProjectEvaluator.evaluate(Lorg/gradle/api/internal/project/ProjectInternal;Lorg/gradle/api/internal/project/ProjectStateInternal;)V+33
j  org.gradle.configuration.project.LifecycleProjectEvaluator.evaluate(Lorg/gradle/api/internal/project/ProjectInternal;Lorg/gradle/api/internal/project/ProjectStateInternal;)V+54
j  org.gradle.api.internal.project.AbstractProject.evaluate()Lorg/gradle/api/internal/project/AbstractProject;+9
j  org.gradle.api.internal.project.AbstractProject.evaluate()Lorg/gradle/api/Project;+1
j  org.gradle.execution.TaskPathProjectEvaluator.configure(Lorg/gradle/api/internal/project/ProjectInternal;)V+21
j  org.gradle.execution.TaskSelector.getSelection(Ljava/lang/String;Lorg/gradle/api/internal/project/ProjectInternal;)Lorg/gradle/execution/TaskSelector$TaskSelection;+29
j  org.gradle.execution.TaskSelector.getSelection(Ljava/lang/String;Ljava/lang/String;)Lorg/gradle/execution/TaskSelector$TaskSelection;+35
j  org.gradle.execution.commandline.CommandLineTaskParser.parseTasks(Lorg/gradle/TaskExecutionRequest;)Ljava/util/List;+51
j  org.gradle.execution.TaskNameResolvingBuildConfigurationAction.configure(Lorg/gradle/execution/BuildExecutionContext;)V+62
j  org.gradle.execution.DefaultBuildExecuter.configure(I)V+36
j  org.gradle.execution.DefaultBuildExecuter.access$100(Lorg/gradle/execution/DefaultBuildExecuter;I)V+2
j  org.gradle.execution.DefaultBuildExecuter$1.proceed()V+10
j  org.gradle.execution.ExcludedTaskFilteringBuildConfigurationAction.configure(Lorg/gradle/execution/BuildExecutionContext;)V+102
j  org.gradle.execution.DefaultBuildExecuter.configure(I)V+36
j  org.gradle.execution.DefaultBuildExecuter.access$100(Lorg/gradle/execution/DefaultBuildExecuter;I)V+2
j  org.gradle.execution.DefaultBuildExecuter$1.proceed()V+10
j  org.gradle.execution.DefaultTasksBuildExecutionAction.configure(Lorg/gradle/execution/BuildExecutionContext;)V+58
j  org.gradle.execution.DefaultBuildExecuter.configure(I)V+36
j  org.gradle.execution.DefaultBuildExecuter.select(Lorg/gradle/api/internal/GradleInternal;)V+7
j  org.gradle.initialization.DefaultGradleLauncher.doBuildStages(Lorg/gradle/initialization/DefaultGradleLauncher$Stage;)V+147
j  org.gradle.initialization.DefaultGradleLauncher.doBuild(Lorg/gradle/initialization/DefaultGradleLauncher$Stage;)Lorg/gradle/BuildResult;+27
j  org.gradle.initialization.DefaultGradleLauncher.run()Lorg/gradle/BuildResult;+4
j  org.gradle.launcher.exec.InProcessBuildActionExecuter$DefaultBuildController.run()Lorg/gradle/api/internal/GradleInternal;+5
j  org.gradle.tooling.internal.provider.runner.BuildModelActionRunner.run(Lorg/gradle/internal/invocation/BuildAction;Lorg/gradle/internal/invocation/BuildController;)V+72
j  org.gradle.launcher.exec.ChainingBuildActionRunner.run(Lorg/gradle/internal/invocation/BuildAction;Lorg/gradle/internal/invocation/BuildController;)V+34
j  org.gradle.launcher.exec.InProcessBuildActionExecuter.execute(Lorg/gradle/internal/invocation/BuildAction;Lorg/gradle/initialization/BuildRequestContext;Lorg/gradle/launcher/exec/BuildActionParameters;)Ljava/lang/Object;+39
j  org.gradle.launcher.exec.InProcessBuildActionExecuter.execute(Lorg/gradle/internal/invocation/BuildAction;Lorg/gradle/initialization/BuildRequestContext;Ljava/lang/Object;)Ljava/lang/Object;+7
j  org.gradle.launcher.daemon.server.exec.ExecuteBuild.doBuild(Lorg/gradle/launcher/daemon/server/api/DaemonCommandExecution;Lorg/gradle/launcher/daemon/protocol/Build;)V+70
j  org.gradle.launcher.daemon.server.exec.BuildCommandOnly.execute(Lorg/gradle/launcher/daemon/server/api/DaemonCommandExecution;)V+49
j  org.gradle.launcher.daemon.server.api.DaemonCommandExecution.proceed()Z+28
j  org.gradle.launcher.daemon.server.exec.WatchForDisconnection.execute(Lorg/gradle/launcher/daemon/server/api/DaemonCommandExecution;)V+19
j  org.gradle.launcher.daemon.server.api.DaemonCommandExecution.proceed()Z+28
j  org.gradle.launcher.daemon.server.exec.ResetDeprecationLogger.execute(Lorg/gradle/launcher/daemon/server/api/DaemonCommandExecution;)V+4
j  org.gradle.launcher.daemon.server.api.DaemonCommandExecution.proceed()Z+28
j  org.gradle.launcher.daemon.server.exec.RequestStopIfSingleUsedDaemon.execute(Lorg/gradle/launcher/daemon/server/api/DaemonCommandExecution;)V+31
j  org.gradle.launcher.daemon.server.api.DaemonCommandExecution.proceed()Z+28
j  org.gradle.launcher.daemon.server.exec.ForwardClientInput$2.call()Ljava/lang/Void;+4
j  org.gradle.launcher.daemon.server.exec.ForwardClientInput$2.call()Ljava/lang/Object;+1
j  org.gradle.util.Swapper.swap(Ljava/lang/Object;Ljava/util/concurrent/Callable;)Ljava/lang/Object;+21
j  org.gradle.launcher.daemon.server.exec.ForwardClientInput.execute(Lorg/gradle/launcher/daemon/server/api/DaemonCommandExecution;)V+63
j  org.gradle.launcher.daemon.server.api.DaemonCommandExecution.proceed()Z+28
j  org.gradle.launcher.daemon.server.health.DaemonHealthTracker.execute(Lorg/gradle/launcher/daemon/server/api/DaemonCommandExecution;)V+35
j  org.gradle.launcher.daemon.server.api.DaemonCommandExecution.proceed()Z+28
j  org.gradle.launcher.daemon.server.exec.LogToClient.doBuild(Lorg/gradle/launcher/daemon/server/api/DaemonCommandExecution;Lorg/gradle/launcher/daemon/protocol/Build;)V+106
j  org.gradle.launcher.daemon.server.exec.BuildCommandOnly.execute(Lorg/gradle/launcher/daemon/server/api/DaemonCommandExecution;)V+49
j  org.gradle.launcher.daemon.server.api.DaemonCommandExecution.proceed()Z+28
j  org.gradle.launcher.daemon.server.exec.EstablishBuildEnvironment.doBuild(Lorg/gradle/launcher/daemon/server/api/DaemonCommandExecution;Lorg/gradle/launcher/daemon/protocol/Build;)V+243
j  org.gradle.launcher.daemon.server.exec.BuildCommandOnly.execute(Lorg/gradle/launcher/daemon/server/api/DaemonCommandExecution;)V+49
j  org.gradle.launcher.daemon.server.api.DaemonCommandExecution.proceed()Z+28
j  org.gradle.launcher.daemon.server.health.HintGCAfterBuild.execute(Lorg/gradle/launcher/daemon/server/api/DaemonCommandExecution;)V+1
j  org.gradle.launcher.daemon.server.api.DaemonCommandExecution.proceed()Z+28
j  org.gradle.launcher.daemon.server.exec.StartBuildOrRespondWithBusy$1.run()V+44
j  org.gradle.launcher.daemon.server.DaemonStateCoordinator$1.run()V+4
j  org.gradle.internal.concurrent.ExecutorPolicy$CatchAndRecordFailures.onExecute(Ljava/lang/Runnable;)V+1
j  org.gradle.internal.concurrent.StoppableExecutorImpl$1.run()V+25
j  java.util.concurrent.ThreadPoolExecutor.runWorker(Ljava/util/concurrent/ThreadPoolExecutor$Worker;)V+95
j  java.util.concurrent.ThreadPoolExecutor$Worker.run()V+5
j  java.lang.Thread.run()V+11
v  ~StubRoutines::call_stub

---------------  P R O C E S S  ---------------

Java Threads: ( => current thread )
  0x00007ffbf528f800 JavaThread "Stdin handler" [_thread_blocked, id=49179, stack(0x0000000116430000,0x0000000116530000)]
=>0x00007ffbf6035000 JavaThread "Daemon worker Thread 6" [_thread_in_native, id=28695, stack(0x000000011632d000,0x000000011642d000)]
  0x00007ffbf6031000 JavaThread "Cancel handler" [_thread_blocked, id=29207, stack(0x000000011622a000,0x000000011632a000)]
  0x00007ffbf6115000 JavaThread "Handler for socket connection from /127.0.0.1:56841 to /127.0.0.1:59717" [_thread_in_native, id=20771, stack(0x0000000116127000,0x0000000116227000)]
  0x00007ffbf65da800 JavaThread "Daemon Thread 6" [_thread_blocked, id=19535, stack(0x0000000116024000,0x0000000116124000)]
  0x00007ffbf3b0a000 JavaThread "File lock request listener" [_thread_in_native, id=22275, stack(0x0000000116622000,0x0000000116722000)]
  0x00007ffbf231a000 JavaThread "Incoming local TCP Connector on port 56841" [_thread_in_native, id=18691, stack(0x0000000115f21000,0x0000000116021000)]
  0x00007ffbf2074800 JavaThread "Service Thread" daemon [_thread_blocked, id=17667, stack(0x000000011565d000,0x000000011575d000)]
  0x00007ffbf2073800 JavaThread "C2 CompilerThread1" daemon [_thread_blocked, id=17155, stack(0x000000011555a000,0x000000011565a000)]
  0x00007ffbf2072000 JavaThread "C2 CompilerThread0" daemon [_thread_blocked, id=16643, stack(0x0000000115457000,0x0000000115557000)]
  0x00007ffbf205e000 JavaThread "Signal Dispatcher" daemon [_thread_blocked, id=16159, stack(0x0000000115354000,0x0000000115454000)]
  0x00007ffbf3007000 JavaThread "Finalizer" daemon [_thread_blocked, id=11523, stack(0x0000000113a0e000,0x0000000113b0e000)]
  0x00007ffbf3006800 JavaThread "Reference Handler" daemon [_thread_blocked, id=11011, stack(0x000000011390b000,0x0000000113a0b000)]
  0x00007ffbf3802800 JavaThread "main" [_thread_blocked, id=4867, stack(0x000000010c062000,0x000000010c162000)]

Other Threads:
  0x00007ffbf204d000 VMThread [stack: 0x0000000113808000,0x0000000113908000] [id=10499]
  0x00007ffbf206d800 WatcherThread [stack: 0x0000000115760000,0x0000000115860000] [id=18179]

VM state:not at safepoint (normal execution)

VM Mutex/Monitor currently owned by a thread: None

Heap
 PSYoungGen      total 221184K, used 41139K [0x00000007eaa80000, 0x00000007f9c80000, 0x0000000800000000)
  eden space 196608K, 20% used [0x00000007eaa80000,0x00000007ed2acfc8,0x00000007f6a80000)
  from space 24576K, 0% used [0x00000007f8480000,0x00000007f8480000,0x00000007f9c80000)
  to   space 25600K, 0% used [0x00000007f6a80000,0x00000007f6a80000,0x00000007f8380000)
 ParOldGen       total 87040K, used 39115K [0x00000007c0000000, 0x00000007c5500000, 0x00000007eaa80000)
  object space 87040K, 44% used [0x00000007c0000000,0x00000007c2632fa8,0x00000007c5500000)
 PSPermGen       total 95232K, used 53420K [0x00000007b0000000, 0x00000007b5d00000, 0x00000007c0000000)
  object space 95232K, 56% used [0x00000007b0000000,0x00000007b342b240,0x00000007b5d00000)

Card table byte_map: [0x000000010f254000,0x000000010f4d5000] byte_map_base: 0x000000010b4d4000

Polling page: 0x000000010ade2000

Code Cache  [0x000000010c194000, 0x000000010ca74000, 0x000000010f194000)
 total_blobs=3037 nmethods=2394 adapters=595 free_code_cache=40205Kb largest_free_block=41050368

Compilation events (10 events):
Event: 2909.527 Thread 0x00007ffbf2072000 2600   !         org.gradle.internal.concurrent.CompositeStoppable::stop (114 bytes)
Event: 2909.868 Thread 0x00007ffbf2072000 nmethod 2600 0x000000010ca4fed0 code [0x000000010ca50100, 0x000000010ca508e0]
Event: 87137.261 Thread 0x00007ffbf2073800 2601             org.gradle.api.internal.project.AbstractProject::getPath (8 bytes)
Event: 87137.277 Thread 0x00007ffbf2073800 nmethod 2601 0x000000010ca53810 code [0x000000010ca53960, 0x000000010ca53a08]
Event: 87137.599 Thread 0x00007ffbf2072000 2602             org.gradle.api.internal.ThreadGlobalInstantiator::set (30 bytes)
Event: 87137.626 Thread 0x00007ffbf2072000 nmethod 2602 0x000000010ca444d0 code [0x000000010ca446a0, 0x000000010ca45168]
Event: 87138.342 Thread 0x00007ffbf2073800 2603             org.gradle.api.internal.artifacts.ivyservice.ivyresolve.parser.PomDomParser$AddDTDFilterInputStream::read (34 bytes)
Event: 87138.343 Thread 0x00007ffbf2073800 nmethod 2603 0x000000010ca55a90 code [0x000000010ca55be0, 0x000000010ca55ca8]
Event: 87138.538 Thread 0x00007ffbf2072000 2604             org.gradle.internal.service.DefaultServiceRegistry$FactoryService::assembleParameters (44 bytes)
Event: 87138.540 Thread 0x00007ffbf2072000 nmethod 2604 0x000000010ca55510 code [0x000000010ca55660, 0x000000010ca558b8]

GC Heap History (10 events):
Event: 2714.168 GC heap before
{Heap before GC invocations=24 (full 4):
 PSYoungGen      total 233472K, used 205312K [0x00000007eaa80000, 0x00000007faa00000, 0x0000000800000000)
  eden space 205312K, 100% used [0x00000007eaa80000,0x00000007f7300000,0x00000007f7300000)
  from space 28160K, 0% used [0x00000007f7300000,0x00000007f7300000,0x00000007f8e80000)
  to   space 28160K, 0% used [0x00000007f8e80000,0x00000007f8e80000,0x00000007faa00000)
 ParOldGen       total 87040K, used 37848K [0x00000007c0000000, 0x00000007c5500000, 0x00000007eaa80000)
  object space 87040K, 43% used [0x00000007c0000000,0x00000007c24f61d8,0x00000007c5500000)
 PSPermGen       total 101376K, used 53135K [0x00000007b0000000, 0x00000007b6300000, 0x00000007c0000000)
  object space 101376K, 52% used [0x00000007b0000000,0x00000007b33e3f70,0x00000007b6300000)
Event: 2714.174 GC heap after
Heap after GC invocations=24 (full 4):
 PSYoungGen      total 214016K, used 3568K [0x00000007eaa80000, 0x00000007f9f80000, 0x0000000800000000)
  eden space 196608K, 0% used [0x00000007eaa80000,0x00000007eaa80000,0x00000007f6a80000)
  from space 17408K, 20% used [0x00000007f8e80000,0x00000007f91fc030,0x00000007f9f80000)
  to   space 27136K, 0% used [0x00000007f6a80000,0x00000007f6a80000,0x00000007f8500000)
 ParOldGen       total 87040K, used 37848K [0x00000007c0000000, 0x00000007c5500000, 0x00000007eaa80000)
  object space 87040K, 43% used [0x00000007c0000000,0x00000007c24f61d8,0x00000007c5500000)
 PSPermGen       total 101376K, used 53135K [0x00000007b0000000, 0x00000007b6300000, 0x00000007c0000000)
  object space 101376K, 52% used [0x00000007b0000000,0x00000007b33e3f70,0x00000007b6300000)
}
Event: 2717.228 GC heap before
{Heap before GC invocations=25 (full 4):
 PSYoungGen      total 214016K, used 111966K [0x00000007eaa80000, 0x00000007f9f80000, 0x0000000800000000)
  eden space 196608K, 55% used [0x00000007eaa80000,0x00000007f145b850,0x00000007f6a80000)
  from space 17408K, 20% used [0x00000007f8e80000,0x00000007f91fc030,0x00000007f9f80000)
  to   space 27136K, 0% used [0x00000007f6a80000,0x00000007f6a80000,0x00000007f8500000)
 ParOldGen       total 87040K, used 37848K [0x00000007c0000000, 0x00000007c5500000, 0x00000007eaa80000)
  object space 87040K, 43% used [0x00000007c0000000,0x00000007c24f61d8,0x00000007c5500000)
 PSPermGen       total 101376K, used 53183K [0x00000007b0000000, 0x00000007b6300000, 0x00000007c0000000)
  object space 101376K, 52% used [0x00000007b0000000,0x00000007b33efef0,0x00000007b6300000)
Event: 2717.232 GC heap after
Heap after GC invocations=25 (full 4):
 PSYoungGen      total 197632K, used 704K [0x00000007eaa80000, 0x00000007f9e80000, 0x0000000800000000)
  eden space 196608K, 0% used [0x00000007eaa80000,0x00000007eaa80000,0x00000007f6a80000)
  from space 1024K, 68% used [0x00000007f6a80000,0x00000007f6b30000,0x00000007f6b80000)
  to   space 26624K, 0% used [0x00000007f8480000,0x00000007f8480000,0x00000007f9e80000)
 ParOldGen       total 87040K, used 38933K [0x00000007c0000000, 0x00000007c5500000, 0x00000007eaa80000)
  object space 87040K, 44% used [0x00000007c0000000,0x00000007c26056b0,0x00000007c5500000)
 PSPermGen       total 101376K, used 53183K [0x00000007b0000000, 0x00000007b6300000, 0x00000007c0000000)
  object space 101376K, 52% used [0x00000007b0000000,0x00000007b33efef0,0x00000007b6300000)
}
Event: 2717.232 GC heap before
{Heap before GC invocations=26 (full 5):
 PSYoungGen      total 197632K, used 704K [0x00000007eaa80000, 0x00000007f9e80000, 0x0000000800000000)
  eden space 196608K, 0% used [0x00000007eaa80000,0x00000007eaa80000,0x00000007f6a80000)
  from space 1024K, 68% used [0x00000007f6a80000,0x00000007f6b30000,0x00000007f6b80000)
  to   space 26624K, 0% used [0x00000007f8480000,0x00000007f8480000,0x00000007f9e80000)
 ParOldGen       total 87040K, used 38933K [0x00000007c0000000, 0x00000007c5500000, 0x00000007eaa80000)
  object space 87040K, 44% used [0x00000007c0000000,0x00000007c26056b0,0x00000007c5500000)
 PSPermGen       total 101376K, used 53183K [0x00000007b0000000, 0x00000007b6300000, 0x00000007c0000000)
  object space 101376K, 52% used [0x00000007b0000000,0x00000007b33efef0,0x00000007b6300000)
Event: 2717.582 GC heap after
Heap after GC invocations=26 (full 5):
 PSYoungGen      total 197632K, used 0K [0x00000007eaa80000, 0x00000007f9e80000, 0x0000000800000000)
  eden space 196608K, 0% used [0x00000007eaa80000,0x00000007eaa80000,0x00000007f6a80000)
  from space 1024K, 0% used [0x00000007f6a80000,0x00000007f6a80000,0x00000007f6b80000)
  to   space 26624K, 0% used [0x00000007f8480000,0x00000007f8480000,0x00000007f9e80000)
 ParOldGen       total 87040K, used 38353K [0x00000007c0000000, 0x00000007c5500000, 0x00000007eaa80000)
  object space 87040K, 44% used [0x00000007c0000000,0x00000007c2574480,0x00000007c5500000)
 PSPermGen       total 98816K, used 53182K [0x00000007b0000000, 0x00000007b6080000, 0x00000007c0000000)
  object space 98816K, 53% used [0x00000007b0000000,0x00000007b33ef990,0x00000007b6080000)
}
Event: 2909.532 GC heap before
{Heap before GC invocations=27 (full 5):
 PSYoungGen      total 197632K, used 144173K [0x00000007eaa80000, 0x00000007f9e80000, 0x0000000800000000)
  eden space 196608K, 73% used [0x00000007eaa80000,0x00000007f374b520,0x00000007f6a80000)
  from space 1024K, 0% used [0x00000007f6a80000,0x00000007f6a80000,0x00000007f6b80000)
  to   space 26624K, 0% used [0x00000007f8480000,0x00000007f8480000,0x00000007f9e80000)
 ParOldGen       total 87040K, used 38353K [0x00000007c0000000, 0x00000007c5500000, 0x00000007eaa80000)
  object space 87040K, 44% used [0x00000007c0000000,0x00000007c2574480,0x00000007c5500000)
 PSPermGen       total 98816K, used 53365K [0x00000007b0000000, 0x00000007b6080000, 0x00000007c0000000)
  object space 98816K, 54% used [0x00000007b0000000,0x00000007b341d600,0x00000007b6080000)
Event: 2909.537 GC heap after
Heap after GC invocations=27 (full 5):
 PSYoungGen      total 221184K, used 1568K [0x00000007eaa80000, 0x00000007f9c80000, 0x0000000800000000)
  eden space 196608K, 0% used [0x00000007eaa80000,0x00000007eaa80000,0x00000007f6a80000)
  from space 24576K, 6% used [0x00000007f8480000,0x00000007f8608020,0x00000007f9c80000)
  to   space 25600K, 0% used [0x00000007f6a80000,0x00000007f6a80000,0x00000007f8380000)
 ParOldGen       total 87040K, used 38353K [0x00000007c0000000, 0x00000007c5500000, 0x00000007eaa80000)
  object space 87040K, 44% used [0x00000007c0000000,0x00000007c2574480,0x00000007c5500000)
 PSPermGen       total 98816K, used 53365K [0x00000007b0000000, 0x00000007b6080000, 0x00000007c0000000)
  object space 98816K, 54% used [0x00000007b0000000,0x00000007b341d600,0x00000007b6080000)
}
Event: 2909.537 GC heap before
{Heap before GC invocations=28 (full 6):
 PSYoungGen      total 221184K, used 1568K [0x00000007eaa80000, 0x00000007f9c80000, 0x0000000800000000)
  eden space 196608K, 0% used [0x00000007eaa80000,0x00000007eaa80000,0x00000007f6a80000)
  from space 24576K, 6% used [0x00000007f8480000,0x00000007f8608020,0x00000007f9c80000)
  to   space 25600K, 0% used [0x00000007f6a80000,0x00000007f6a80000,0x00000007f8380000)
 ParOldGen       total 87040K, used 38353K [0x00000007c0000000, 0x00000007c5500000, 0x00000007eaa80000)
  object space 87040K, 44% used [0x00000007c0000000,0x00000007c2574480,0x00000007c5500000)
 PSPermGen       total 98816K, used 53365K [0x00000007b0000000, 0x00000007b6080000, 0x00000007c0000000)
  object space 98816K, 54% used [0x00000007b0000000,0x00000007b341d600,0x00000007b6080000)
Event: 2909.858 GC heap after
Heap after GC invocations=28 (full 6):
 PSYoungGen      total 221184K, used 0K [0x00000007eaa80000, 0x00000007f9c80000, 0x0000000800000000)
  eden space 196608K, 0% used [0x00000007eaa80000,0x00000007eaa80000,0x00000007f6a80000)
  from space 24576K, 0% used [0x00000007f8480000,0x00000007f8480000,0x00000007f9c80000)
  to   space 25600K, 0% used [0x00000007f6a80000,0x00000007f6a80000,0x00000007f8380000)
 ParOldGen       total 87040K, used 39115K [0x00000007c0000000, 0x00000007c5500000, 0x00000007eaa80000)
  object space 87040K, 44% used [0x00000007c0000000,0x00000007c2632fa8,0x00000007c5500000)
 PSPermGen       total 95232K, used 53365K [0x00000007b0000000, 0x00000007b5d00000, 0x00000007c0000000)
  object space 95232K, 56% used [0x00000007b0000000,0x00000007b341d4e0,0x00000007b5d00000)
}

Deoptimization events (10 events):
Event: 2469.895 Thread 0x00007ffbf6113800 Uncommon trap: reason=array_check action=maybe_recompile pc=0x000000010c7f93bc method=java.util.ComparableTimSort.reverseRange([Ljava/lang/Object;II)V @ 20
Event: 2469.896 Thread 0x00007ffbf6113800 Uncommon trap: reason=array_check action=maybe_recompile pc=0x000000010c7f93bc method=java.util.ComparableTimSort.reverseRange([Ljava/lang/Object;II)V @ 20
Event: 2469.896 Thread 0x00007ffbf6113800 Uncommon trap: reason=array_check action=maybe_recompile pc=0x000000010c7f93bc method=java.util.ComparableTimSort.reverseRange([Ljava/lang/Object;II)V @ 20
Event: 2469.897 Thread 0x00007ffbf6113800 Uncommon trap: reason=array_check action=maybe_recompile pc=0x000000010c7f93bc method=java.util.ComparableTimSort.reverseRange([Ljava/lang/Object;II)V @ 20
Event: 2531.022 Thread 0x00007ffbf6113800 Uncommon trap: reason=unreached action=reinterpret pc=0x000000010c21f968 method=com.sun.org.apache.xerces.internal.dom.DeferredDocumentImpl.getChunkIndex([[III)I @ 3
Event: 2531.772 Thread 0x00007ffbf6113800 Uncommon trap: reason=class_check action=maybe_recompile pc=0x000000010c4af8f4 method=com.sun.tools.javac.jvm.ClassWriter.writePool(Lcom/sun/tools/javac/jvm/Pool;)V @ 619
Event: 2535.815 Thread 0x00007ffbf6113800 Uncommon trap: reason=class_check action=maybe_recompile pc=0x000000010c498418 method=java.util.AbstractList$Itr.hasNext()Z @ 8
Event: 2535.815 Thread 0x00007ffbf6113800 Uncommon trap: reason=class_check action=maybe_recompile pc=0x000000010c49a59c method=java.util.AbstractList$Itr.next()Ljava/lang/Object; @ 14
Event: 2714.499 Thread 0x00007ffbf59df000 Uncommon trap: reason=array_check action=maybe_recompile pc=0x000000010ca029ec method=java.util.ComparableTimSort.reverseRange([Ljava/lang/Object;II)V @ 27
Event: 2714.500 Thread 0x00007ffbf59df000 Uncommon trap: reason=array_check action=maybe_recompile pc=0x000000010ca029ec method=java.util.ComparableTimSort.reverseRange([Ljava/lang/Object;II)V @ 27

Internal exceptions (10 events):
Event: 87137.262 Thread 0x00007ffbf6035000 Threw 0x00000007eb13f588 at /HUDSON/workspace/7u-2-build-macosx-x86_64/jdk7u75/1940/hotspot/src/share/vm/prims/jvm.cpp:1281
Event: 87137.262 Thread 0x00007ffbf6035000 Threw 0x00000007eb147850 at /HUDSON/workspace/7u-2-build-macosx-x86_64/jdk7u75/1940/hotspot/src/share/vm/prims/jvm.cpp:1281
Event: 87137.264 Thread 0x00007ffbf6035000 Threw 0x00000007eb154120 at /HUDSON/workspace/7u-2-build-macosx-x86_64/jdk7u75/1940/hotspot/src/share/vm/prims/jvm.cpp:1281
Event: 87137.265 Thread 0x00007ffbf6035000 Threw 0x00000007eb15b510 at /HUDSON/workspace/7u-2-build-macosx-x86_64/jdk7u75/1940/hotspot/src/share/vm/prims/jvm.cpp:1281
Event: 87137.265 Thread 0x00007ffbf6035000 Threw 0x00000007eb15c518 at /HUDSON/workspace/7u-2-build-macosx-x86_64/jdk7u75/1940/hotspot/src/share/vm/prims/jvm.cpp:1281
Event: 87137.265 Thread 0x00007ffbf6035000 Threw 0x00000007eb165448 at /HUDSON/workspace/7u-2-build-macosx-x86_64/jdk7u75/1940/hotspot/src/share/vm/prims/jvm.cpp:1281
Event: 87137.265 Thread 0x00007ffbf6035000 Threw 0x00000007eb169230 at /HUDSON/workspace/7u-2-build-macosx-x86_64/jdk7u75/1940/hotspot/src/share/vm/prims/jvm.cpp:1281
Event: 87137.266 Thread 0x00007ffbf6035000 Threw 0x00000007eb170c60 at /HUDSON/workspace/7u-2-build-macosx-x86_64/jdk7u75/1940/hotspot/src/share/vm/prims/jvm.cpp:1281
Event: 87137.266 Thread 0x00007ffbf6035000 Threw 0x00000007eb171ef0 at /HUDSON/workspace/7u-2-build-macosx-x86_64/jdk7u75/1940/hotspot/src/share/vm/prims/jvm.cpp:1281
Event: 87137.266 Thread 0x00007ffbf6035000 Threw 0x00000007eb17b918 at /HUDSON/workspace/7u-2-build-macosx-x86_64/jdk7u75/1940/hotspot/src/share/vm/prims/jvm.cpp:1281

Events (10 events):
Event: 87137.262 loading class 0x00007ffbf42b4370
Event: 87137.262 loading class 0x00007ffbf42b4370 done
Event: 87137.264 loading class 0x00007ffbf43060d0
Event: 87137.264 loading class 0x00007ffbf43060d0 done
Event: 87137.265 loading class 0x00007ffbf4288bb0
Event: 87137.265 loading class 0x00007ffbf4288bb0 done
Event: 87137.265 loading class 0x00007ffbf4289030
Event: 87137.265 loading class 0x00007ffbf4289030 done
Event: 87137.266 loading class 0x00007ffbf450a6d0
Event: 87137.266 loading class 0x00007ffbf450a6d0 done


Dynamic libraries:
0x0000000005387000 	/System/Library/Frameworks/Cocoa.framework/Versions/A/Cocoa
0x0000000005387000 	/System/Library/Frameworks/Security.framework/Versions/A/Security
0x0000000005387000 	/System/Library/Frameworks/ApplicationServices.framework/Versions/A/ApplicationServices
0x0000000005387000 	/usr/lib/libz.1.dylib
0x0000000005387000 	/usr/lib/libSystem.B.dylib
0x0000000005387000 	/usr/lib/libobjc.A.dylib
0x0000000005387000 	/System/Library/Frameworks/CoreFoundation.framework/Versions/A/CoreFoundation
0x0000000005387000 	/System/Library/Frameworks/Foundation.framework/Versions/C/Foundation
0x0000000005387000 	/System/Library/Frameworks/AppKit.framework/Versions/C/AppKit
0x0000000005387000 	/System/Library/Frameworks/CoreData.framework/Versions/A/CoreData
0x0000000005387000 	/System/Library/PrivateFrameworks/RemoteViewServices.framework/Versions/A/RemoteViewServices
0x0000000005387000 	/System/Library/PrivateFrameworks/UIFoundation.framework/Versions/A/UIFoundation
0x0000000005387000 	/System/Library/Frameworks/IOSurface.framework/Versions/A/IOSurface
0x0000000005387000 	/System/Library/Frameworks/AudioToolbox.framework/Versions/A/AudioToolbox
0x0000000005387000 	/System/Library/Frameworks/AudioUnit.framework/Versions/A/AudioUnit
0x0000000005387000 	/System/Library/PrivateFrameworks/DataDetectorsCore.framework/Versions/A/DataDetectorsCore
0x0000000005387000 	/System/Library/PrivateFrameworks/DesktopServicesPriv.framework/Versions/A/DesktopServicesPriv
0x0000000005387000 	/System/Library/Frameworks/Carbon.framework/Versions/A/Frameworks/HIToolbox.framework/Versions/A/HIToolbox
0x0000000005387000 	/System/Library/Frameworks/QuartzCore.framework/Versions/A/QuartzCore
0x0000000005387000 	/System/Library/Frameworks/Carbon.framework/Versions/A/Frameworks/SpeechRecognition.framework/Versions/A/SpeechRecognition
0x0000000005387000 	/usr/lib/libauto.dylib
0x0000000005387000 	/usr/lib/libicucore.A.dylib
0x0000000005387000 	/usr/lib/libxml2.2.dylib
0x0000000005387000 	/System/Library/PrivateFrameworks/CoreUI.framework/Versions/A/CoreUI
0x0000000005387000 	/System/Library/Frameworks/CoreAudio.framework/Versions/A/CoreAudio
0x0000000005387000 	/System/Library/Frameworks/DiskArbitration.framework/Versions/A/DiskArbitration
0x0000000005387000 	/usr/lib/liblangid.dylib
0x0000000005387000 	/System/Library/PrivateFrameworks/MultitouchSupport.framework/Versions/A/MultitouchSupport
0x0000000005387000 	/System/Library/Frameworks/IOKit.framework/Versions/A/IOKit
0x0000000005387000 	/usr/lib/libDiagnosticMessagesClient.dylib
0x0000000005387000 	/System/Library/Frameworks/CoreServices.framework/Versions/A/CoreServices
0x0000000005387000 	/System/Library/PrivateFrameworks/PerformanceAnalysis.framework/Versions/A/PerformanceAnalysis
0x0000000005387000 	/System/Library/PrivateFrameworks/GenerationalStorage.framework/Versions/A/GenerationalStorage
0x0000000005387000 	/System/Library/Frameworks/OpenGL.framework/Versions/A/OpenGL
0x0000000005387000 	/System/Library/PrivateFrameworks/Sharing.framework/Versions/A/Sharing
0x0000000005387000 	/System/Library/Frameworks/CoreGraphics.framework/Versions/A/CoreGraphics
0x0000000005387000 	/System/Library/Frameworks/CoreText.framework/Versions/A/CoreText
0x0000000005387000 	/System/Library/Frameworks/ImageIO.framework/Versions/A/ImageIO
0x0000000005387000 	/usr/lib/libextension.dylib
0x0000000005387000 	/System/Library/PrivateFrameworks/Backup.framework/Versions/A/Backup
0x0000000005387000 	/usr/lib/libarchive.2.dylib
0x0000000005387000 	/System/Library/Frameworks/CFNetwork.framework/Versions/A/CFNetwork
0x0000000005387000 	/System/Library/Frameworks/SystemConfiguration.framework/Versions/A/SystemConfiguration
0x0000000005387000 	/usr/lib/libCRFSuite.dylib
0x0000000005387000 	/usr/lib/libc++.1.dylib
0x0000000005387000 	/usr/lib/libc++abi.dylib
0x0000000005387000 	/usr/lib/system/libcache.dylib
0x0000000005387000 	/usr/lib/system/libcommonCrypto.dylib
0x0000000005387000 	/usr/lib/system/libcompiler_rt.dylib
0x0000000005387000 	/usr/lib/system/libcopyfile.dylib
0x0000000005387000 	/usr/lib/system/libcorecrypto.dylib
0x0000000005387000 	/usr/lib/system/libdispatch.dylib
0x0000000005387000 	/usr/lib/system/libdyld.dylib
0x0000000005387000 	/usr/lib/system/libkeymgr.dylib
0x0000000005387000 	/usr/lib/system/liblaunch.dylib
0x0000000005387000 	/usr/lib/system/libmacho.dylib
0x0000000005387000 	/usr/lib/system/libquarantine.dylib
0x0000000005387000 	/usr/lib/system/libremovefile.dylib
0x0000000005387000 	/usr/lib/system/libsystem_asl.dylib
0x0000000005387000 	/usr/lib/system/libsystem_blocks.dylib
0x0000000005387000 	/usr/lib/system/libsystem_c.dylib
0x0000000005387000 	/usr/lib/system/libsystem_configuration.dylib
0x0000000005387000 	/usr/lib/system/libsystem_coreservices.dylib
0x0000000005387000 	/usr/lib/system/libsystem_coretls.dylib
0x0000000005387000 	/usr/lib/system/libsystem_dnssd.dylib
0x0000000005387000 	/usr/lib/system/libsystem_info.dylib
0x0000000005387000 	/usr/lib/system/libsystem_kernel.dylib
0x0000000005387000 	/usr/lib/system/libsystem_m.dylib
0x0000000005387000 	/usr/lib/system/libsystem_malloc.dylib
0x0000000005387000 	/usr/lib/system/libsystem_network.dylib
0x0000000005387000 	/usr/lib/system/libsystem_networkextension.dylib
0x0000000005387000 	/usr/lib/system/libsystem_notify.dylib
0x0000000005387000 	/usr/lib/system/libsystem_platform.dylib
0x0000000005387000 	/usr/lib/system/libsystem_pthread.dylib
0x0000000005387000 	/usr/lib/system/libsystem_sandbox.dylib
0x0000000005387000 	/usr/lib/system/libsystem_secinit.dylib
0x0000000005387000 	/usr/lib/system/libsystem_stats.dylib
0x0000000005387000 	/usr/lib/system/libsystem_trace.dylib
0x0000000005387000 	/usr/lib/system/libunc.dylib
0x0000000005387000 	/usr/lib/system/libunwind.dylib
0x0000000005387000 	/usr/lib/system/libxpc.dylib
0x0000000005387000 	/usr/lib/libbz2.1.0.dylib
0x0000000005387000 	/usr/lib/liblzma.5.dylib
0x0000000005387000 	/usr/lib/libbsm.0.dylib
0x0000000005387000 	/usr/lib/libsqlite3.dylib
0x0000000005387000 	/usr/lib/system/libkxld.dylib
0x0000000005387000 	/usr/lib/libxar.1.dylib
0x0000000005387000 	/usr/lib/libpam.2.dylib
0x0000000005387000 	/usr/lib/libOpenScriptingUtil.dylib
0x0000000005387000 	/System/Library/Frameworks/CoreServices.framework/Versions/A/Frameworks/FSEvents.framework/Versions/A/FSEvents
0x0000000005387000 	/System/Library/Frameworks/CoreServices.framework/Versions/A/Frameworks/CarbonCore.framework/Versions/A/CarbonCore
0x0000000005387000 	/System/Library/Frameworks/CoreServices.framework/Versions/A/Frameworks/Metadata.framework/Versions/A/Metadata
0x0000000005387000 	/System/Library/Frameworks/CoreServices.framework/Versions/A/Frameworks/OSServices.framework/Versions/A/OSServices
0x0000000005387000 	/System/Library/Frameworks/CoreServices.framework/Versions/A/Frameworks/SearchKit.framework/Versions/A/SearchKit
0x0000000005387000 	/System/Library/Frameworks/CoreServices.framework/Versions/A/Frameworks/AE.framework/Versions/A/AE
0x0000000005387000 	/System/Library/Frameworks/CoreServices.framework/Versions/A/Frameworks/LaunchServices.framework/Versions/A/LaunchServices
0x0000000005387000 	/System/Library/Frameworks/CoreServices.framework/Versions/A/Frameworks/DictionaryServices.framework/Versions/A/DictionaryServices
0x0000000005387000 	/System/Library/Frameworks/NetFS.framework/Versions/A/NetFS
0x0000000005387000 	/System/Library/PrivateFrameworks/NetAuth.framework/Versions/A/NetAuth
0x0000000005387000 	/System/Library/PrivateFrameworks/login.framework/Versions/A/Frameworks/loginsupport.framework/Versions/A/loginsupport
0x0000000005387000 	/System/Library/PrivateFrameworks/TCC.framework/Versions/A/TCC
0x0000000005387000 	/usr/lib/libmecabra.dylib
0x0000000005387000 	/System/Library/Frameworks/ApplicationServices.framework/Versions/A/Frameworks/ATS.framework/Versions/A/ATS
0x0000000005387000 	/System/Library/Frameworks/ApplicationServices.framework/Versions/A/Frameworks/ColorSync.framework/Versions/A/ColorSync
0x0000000005387000 	/System/Library/Frameworks/ApplicationServices.framework/Versions/A/Frameworks/HIServices.framework/Versions/A/HIServices
0x0000000005387000 	/System/Library/Frameworks/ApplicationServices.framework/Versions/A/Frameworks/LangAnalysis.framework/Versions/A/LangAnalysis
0x0000000005387000 	/System/Library/Frameworks/ApplicationServices.framework/Versions/A/Frameworks/PrintCore.framework/Versions/A/PrintCore
0x0000000005387000 	/System/Library/Frameworks/ApplicationServices.framework/Versions/A/Frameworks/QD.framework/Versions/A/QD
0x0000000005387000 	/System/Library/Frameworks/ApplicationServices.framework/Versions/A/Frameworks/SpeechSynthesis.framework/Versions/A/SpeechSynthesis
0x0000000005387000 	/System/Library/Frameworks/Accelerate.framework/Versions/A/Accelerate
0x0000000005387000 	/System/Library/Frameworks/Accelerate.framework/Versions/A/Frameworks/vImage.framework/Versions/A/vImage
0x0000000005387000 	/System/Library/Frameworks/Accelerate.framework/Versions/A/Frameworks/vecLib.framework/Versions/A/vecLib
0x0000000005387000 	/System/Library/Frameworks/Accelerate.framework/Versions/A/Frameworks/vecLib.framework/Versions/A/libvDSP.dylib
0x0000000005387000 	/System/Library/Frameworks/Accelerate.framework/Versions/A/Frameworks/vecLib.framework/Versions/A/libvMisc.dylib
0x0000000005387000 	/System/Library/Frameworks/Accelerate.framework/Versions/A/Frameworks/vecLib.framework/Versions/A/libLAPACK.dylib
0x0000000005387000 	/System/Library/Frameworks/Accelerate.framework/Versions/A/Frameworks/vecLib.framework/Versions/A/libBLAS.dylib
0x0000000005387000 	/System/Library/Frameworks/Accelerate.framework/Versions/A/Frameworks/vecLib.framework/Versions/A/libLinearAlgebra.dylib
0x0000000005387000 	/System/Library/Frameworks/ApplicationServices.framework/Versions/A/Frameworks/ATS.framework/Versions/A/Resources/libFontParser.dylib
0x0000000005387000 	/System/Library/Frameworks/ApplicationServices.framework/Versions/A/Frameworks/ATS.framework/Versions/A/Resources/libFontRegistry.dylib
0x0000000005387000 	/System/Library/PrivateFrameworks/AppleVPA.framework/Versions/A/AppleVPA
0x0000000005387000 	/System/Library/PrivateFrameworks/AppleJPEG.framework/Versions/A/AppleJPEG
0x0000000005387000 	/System/Library/Frameworks/ImageIO.framework/Versions/A/Resources/libJPEG.dylib
0x0000000005387000 	/System/Library/Frameworks/ImageIO.framework/Versions/A/Resources/libTIFF.dylib
0x0000000005387000 	/System/Library/Frameworks/ImageIO.framework/Versions/A/Resources/libPng.dylib
0x0000000005387000 	/System/Library/Frameworks/ImageIO.framework/Versions/A/Resources/libGIF.dylib
0x0000000005387000 	/System/Library/Frameworks/ImageIO.framework/Versions/A/Resources/libJP2.dylib
0x0000000005387000 	/System/Library/Frameworks/ImageIO.framework/Versions/A/Resources/libRadiance.dylib
0x0000000005387000 	/System/Library/Frameworks/CoreVideo.framework/Versions/A/CoreVideo
0x0000000005387000 	/System/Library/Frameworks/OpenGL.framework/Versions/A/Libraries/libGLU.dylib
0x0000000005387000 	/System/Library/Frameworks/OpenGL.framework/Versions/A/Libraries/libGFXShared.dylib
0x0000000005387000 	/System/Library/Frameworks/OpenGL.framework/Versions/A/Libraries/libGL.dylib
0x0000000005387000 	/System/Library/Frameworks/OpenGL.framework/Versions/A/Libraries/libGLImage.dylib
0x0000000005387000 	/System/Library/Frameworks/OpenGL.framework/Versions/A/Libraries/libCVMSPluginSupport.dylib
0x0000000005387000 	/System/Library/Frameworks/OpenGL.framework/Versions/A/Libraries/libCoreVMClient.dylib
0x0000000005387000 	/usr/lib/libcups.2.dylib
0x0000000005387000 	/System/Library/Frameworks/Kerberos.framework/Versions/A/Kerberos
0x0000000005387000 	/System/Library/Frameworks/GSS.framework/Versions/A/GSS
0x0000000005387000 	/usr/lib/libresolv.9.dylib
0x0000000005387000 	/usr/lib/libiconv.2.dylib
0x0000000005387000 	/System/Library/PrivateFrameworks/Heimdal.framework/Versions/A/Heimdal
0x0000000005387000 	/usr/lib/libheimdal-asn1.dylib
0x0000000005387000 	/System/Library/Frameworks/OpenDirectory.framework/Versions/A/OpenDirectory
0x0000000005387000 	/System/Library/PrivateFrameworks/CommonAuth.framework/Versions/A/CommonAuth
0x0000000005387000 	/System/Library/Frameworks/OpenDirectory.framework/Versions/A/Frameworks/CFOpenDirectory.framework/Versions/A/CFOpenDirectory
0x0000000005387000 	/System/Library/Frameworks/SecurityFoundation.framework/Versions/A/SecurityFoundation
0x0000000005387000 	/System/Library/PrivateFrameworks/LanguageModeling.framework/Versions/A/LanguageModeling
0x0000000005387000 	/usr/lib/libcmph.dylib
0x0000000005387000 	/System/Library/Frameworks/ServiceManagement.framework/Versions/A/ServiceManagement
0x0000000005387000 	/usr/lib/libxslt.1.dylib
0x0000000005387000 	/System/Library/Frameworks/Carbon.framework/Versions/A/Frameworks/Ink.framework/Versions/A/Ink
0x0000000005387000 	/System/Library/Frameworks/QuartzCore.framework/Versions/A/Frameworks/CoreImage.framework/Versions/A/CoreImage
0x0000000005387000 	/System/Library/PrivateFrameworks/CrashReporterSupport.framework/Versions/A/CrashReporterSupport
0x0000000005387000 	/System/Library/Frameworks/OpenCL.framework/Versions/A/OpenCL
0x0000000005387000 	/System/Library/PrivateFrameworks/FaceCore.framework/Versions/A/FaceCore
0x0000000005387000 	/System/Library/PrivateFrameworks/Ubiquity.framework/Versions/A/Ubiquity
0x0000000005387000 	/System/Library/PrivateFrameworks/IconServices.framework/Versions/A/IconServices
0x0000000005387000 	/System/Library/PrivateFrameworks/ChunkingLibrary.framework/Versions/A/ChunkingLibrary
0x0000000005387000 	/System/Library/PrivateFrameworks/Apple80211.framework/Versions/A/Apple80211
0x0000000005387000 	/System/Library/Frameworks/CoreWLAN.framework/Versions/A/CoreWLAN
0x0000000005387000 	/System/Library/Frameworks/IOBluetooth.framework/Versions/A/IOBluetooth
0x0000000005387000 	/System/Library/PrivateFrameworks/CoreWiFi.framework/Versions/A/CoreWiFi
0x0000000005387000 	/System/Library/Frameworks/CoreBluetooth.framework/Versions/A/CoreBluetooth
0x0000000005387000 	/System/Library/PrivateFrameworks/DebugSymbols.framework/Versions/A/DebugSymbols
0x0000000005387000 	/System/Library/PrivateFrameworks/CoreSymbolication.framework/Versions/A/CoreSymbolication
0x0000000005387000 	/System/Library/PrivateFrameworks/Symbolication.framework/Versions/A/Symbolication
0x0000000005387000 	/System/Library/PrivateFrameworks/SpeechRecognitionCore.framework/Versions/A/SpeechRecognitionCore
0x000000010acf5000 	/System/Library/CoreServices/Encodings/libTraditionalChineseConverter.dylib
0x000000010b600000 	/Library/Java/JavaVirtualMachines/jdk1.7.0_75.jdk/Contents/Home/jre/lib/server/libjvm.dylib
0x0000000005387000 	/usr/lib/libstdc++.6.dylib
0x000000010add5000 	/Library/Java/JavaVirtualMachines/jdk1.7.0_75.jdk/Contents/Home/jre/lib/libverify.dylib
0x000000010c164000 	/Library/Java/JavaVirtualMachines/jdk1.7.0_75.jdk/Contents/Home/jre/lib/libjava.dylib
0x000000010adec000 	/Library/Java/JavaVirtualMachines/jdk1.7.0_75.jdk/Contents/Home/jre/lib/libzip.dylib
0x0000000113b10000 	/System/Library/Frameworks/JavaVM.framework/Frameworks/JavaRuntimeSupport.framework/JavaRuntimeSupport
0x0000000113b28000 	/System/Library/Frameworks/JavaVM.framework/Versions/A/Frameworks/JavaNativeFoundation.framework/Versions/A/JavaNativeFoundation
0x0000000113b3d000 	/System/Library/Frameworks/JavaVM.framework/Versions/A/JavaVM
0x0000000005387000 	/System/Library/Frameworks/Carbon.framework/Versions/A/Carbon
0x0000000113b4a000 	/System/Library/PrivateFrameworks/JavaLaunching.framework/Versions/A/JavaLaunching
0x0000000005387000 	/System/Library/Frameworks/Carbon.framework/Versions/A/Frameworks/CommonPanels.framework/Versions/A/CommonPanels
0x0000000005387000 	/System/Library/Frameworks/Carbon.framework/Versions/A/Frameworks/Help.framework/Versions/A/Help
0x0000000005387000 	/System/Library/Frameworks/Carbon.framework/Versions/A/Frameworks/ImageCapture.framework/Versions/A/ImageCapture
0x0000000005387000 	/System/Library/Frameworks/Carbon.framework/Versions/A/Frameworks/OpenScripting.framework/Versions/A/OpenScripting
0x0000000005387000 	/System/Library/Frameworks/Carbon.framework/Versions/A/Frameworks/Print.framework/Versions/A/Print
0x0000000005387000 	/System/Library/Frameworks/Carbon.framework/Versions/A/Frameworks/SecurityHI.framework/Versions/A/SecurityHI
0x0000000115a85000 	/Library/Java/JavaVirtualMachines/jdk1.7.0_75.jdk/Contents/Home/jre/lib/libnet.dylib
0x0000000115ae3000 	/Library/Java/JavaVirtualMachines/jdk1.7.0_75.jdk/Contents/Home/jre/lib/libnio.dylib
0x0000000115af2000 	/Users/LeongHouHeng/.gradle/native/19/osx-amd64/libnative-platform.dylib
0x0000000113c61000 	/Library/Java/JavaVirtualMachines/jdk1.7.0_75.jdk/Contents/Home/jre/lib/libmanagement.dylib

VM Arguments:
jvm_args: -XX:MaxPermSize=256m -XX:+HeapDumpOnOutOfMemoryError -Xmx1024m -Dfile.encoding=UTF-8 -Duser.country=TW -Duser.language=zh -Duser.variant 
java_command: org.gradle.launcher.daemon.bootstrap.GradleDaemon 2.4 /Users/LeongHouHeng/.gradle /Users/LeongHouHeng/.gradle/daemon 10800000 fc8514db-65fe-42b2-b1f6-2462e797c317 -XX:MaxPermSize=256m -XX:+HeapDumpOnOutOfMemoryError -Xmx1024m -Dfile.encoding=UTF-8 -Duser.country=TW -Duser.language=zh -Duser.variant
Launcher Type: SUN_STANDARD

Environment Variables:
PATH=/usr/bin:/bin:/usr/sbin:/sbin
SHELL=/bin/bash
DISPLAY=/private/tmp/com.apple.launchd.jSjbtDFnVA/org.macosforge.xquartz:0

Signal Handlers:
SIGSEGV: [libjvm.dylib+0x52d20d], sa_mask[0]=0xfffefeff, sa_flags=0x00000043
SIGBUS: [libjvm.dylib+0x52d20d], sa_mask[0]=0xfffefeff, sa_flags=0x00000042
SIGFPE: [libjvm.dylib+0x41ee7a], sa_mask[0]=0xfffefeff, sa_flags=0x00000042
SIGPIPE: [libjvm.dylib+0x41ee7a], sa_mask[0]=0xfffefeff, sa_flags=0x00000042
SIGXFSZ: [libjvm.dylib+0x41ee7a], sa_mask[0]=0xfffefeff, sa_flags=0x00000042
SIGILL: [libjvm.dylib+0x41ee7a], sa_mask[0]=0xfffefeff, sa_flags=0x00000042
SIGUSR1: SIG_DFL, sa_mask[0]=0x00000000, sa_flags=0x00000000
SIGUSR2: [libjvm.dylib+0x41e96c], sa_mask[0]=0x00000004, sa_flags=0x00000042
SIGHUP: [libjvm.dylib+0x41cbfd], sa_mask[0]=0xfffefeff, sa_flags=0x00000042
SIGINT: [libjvm.dylib+0x41cbfd], sa_mask[0]=0xfffefeff, sa_flags=0x00000042
SIGTERM: [libjvm.dylib+0x41cbfd], sa_mask[0]=0xfffefeff, sa_flags=0x00000042
SIGQUIT: [libjvm.dylib+0x41cbfd], sa_mask[0]=0xfffefeff, sa_flags=0x00000042


---------------  S Y S T E M  ---------------

OS:Bsduname:Darwin 14.1.0 Darwin Kernel Version 14.1.0: Mon Dec 22 23:10:38 PST 2014; root:xnu-2782.10.72~2/RELEASE_X86_64 x86_64
rlimit: STACK 8192k, CORE 0k, NPROC 709, NOFILE 10240, AS infinity
load average:2.89 3.04 2.78

CPU:total 4 (2 cores per cpu, 2 threads per core) family 6 model 69 stepping 1, cmov, cx8, fxsr, mmx, sse, sse2, sse3, ssse3, sse4.1, sse4.2, popcnt, avx, avx2, aes, erms, ht, tsc, tscinvbit

Memory: 4k page, physical 8388608k(2097152k free)

/proc/meminfo:


vm_info: Java HotSpot(TM) 64-Bit Server VM (24.75-b04) for bsd-amd64 JRE (1.7.0_75-b13), built on Dec 18 2014 21:48:12 by "java_re" with gcc 4.2.1 (Based on Apple Inc. build 5658) (LLVM build 2336.11.00)

time: Wed Oct 28 17:34:30 2015
elapsed time: 87138 seconds

