#
# A fatal error has been detected by the Java Runtime Environment:
#
#  SIGBUS (0xa) at pc=0x0000000107dce0b7, pid=28029, tid=20567
#
# JRE version: Java(TM) SE Runtime Environment (7.0_75-b13) (build 1.7.0_75-b13)
# Java VM: Java HotSpot(TM) 64-Bit Server VM (24.75-b04 mixed mode bsd-amd64 compressed oops)
# Problematic frame:
# C  [libzip.dylib+0x30b7]  newEntry+0x154
#
# Failed to write core dump. Core dumps have been disabled. To enable core dumping, try "ulimit -c unlimited" before starting Java again
#
# If you would like to submit a bug report, please visit:
#   http://bugreport.sun.com/bugreport/crash.jsp
# The crash happened outside the Java Virtual Machine in native code.
# See problematic frame for where to report the bug.
#

---------------  T H R E A D  ---------------

Current thread (0x00007fdb1ad20800):  JavaThread "Daemon worker Thread 13" [_thread_in_native, id=20567, stack(0x0000000113676000,0x0000000113776000)]

siginfo:si_signo=SIGBUS: si_errno=0, si_code=2 (BUS_ADRERR), si_addr=0x00000001128e8c6c

Registers:
RAX=0x00007fdb1c1266c0, RBX=0x00000001128e8c60, RCX=0x0000000000000001, RDX=0x0000000000000508
RSP=0x0000000113773190, RBP=0x00000001137731f0, RSI=0x00007fdb1c400000, RDI=0x0000000107b73a00
R8 =0x0000000000000004, R9 =0x00000000fffffc00, R10=0x00000001090e0d98, R11=0xfffffff924c0c6a6
R12=0x0000000000000010, R13=0x00007fdb1c126880, R14=0x00007fdb1c1266c0, R15=0x00007fdb1c3769e0
RIP=0x0000000107dce0b7, EFLAGS=0x0000000000010206, ERR=0x0000000000000004
  TRAPNO=0x000000000000000e

Top of Stack: (sp=0x0000000113773190)
0x0000000113773190:   00000007eeb651e0 00000000b021ab98
0x00000001137731a0:   0000000000000000 00000001137738f8
0x00000001137731b0:   00000001137731d0 00007fdb1c1266c0
0x00000001137731c0:   00007fdb1c458050 000000005bbd78a2
0x00000001137731d0:   0000000000000010 00007fdb1c126880
0x00000001137731e0:   00007fdb1c1266c0 00007fdb1c3769e0
0x00000001137731f0:   0000000113773240 0000000107dce725
0x0000000113773200:   0000000000000014 000000141ad20800
0x0000000113773210:   000000011377325e 00000001137736a8
0x0000000113773220:   0000000000000014 000000011377325e
0x0000000113773230:   00007fdb1c1266c0 00007fdb1ad209e8
0x0000000113773240:   0000000113773690 0000000107dcd570
0x0000000113773250:   00000001137732b0 454d7fff00000001
0x0000000113773260:   4d2f464e492d4154 2e54534546494e41
0x0000000113773270:   000000011300464d 00000001137735f8
0x0000000113773280:   0000000113773428 00000000fffffffc
0x0000000113773290:   000000000000007b 0000000113773428
0x00000001137732a0:   0000000108b5b808 00000000fffffffc
0x00000001137732b0:   00000001137736e0 00007fff9129cfe6
0x00000001137732c0:   0000000000000002 00000001137735f8
0x00000001137732d0:   0000000000000031 0000000109099560
0x00000001137732e0:   0000000113773360 00000001090614e7
0x00000001137732f0:   00000001090614e7 00000007eeb5d0c8
0x0000000113773300:   00007fdb00001fa0 0000000000000001
0x0000000113773310:   00007fdb1ad20800 000000010906145f
0x0000000113773320:   000000000000000a 00007fdb19eb2a80
0x0000000113773330:   00000001137733e0 0000000113773500
0x0000000113773340:   000000000000000a 00007fdb19eb2a80
0x0000000113773350:   00007fdb1ad20800 0000000000000001
0x0000000113773360:   0000000000000000 0000000000000040
0x0000000113773370:   0000000107b8aa00 0000000000000000
0x0000000113773380:   00000001137733a0 00000001089fd97c 

Instructions: (pc=0x0000000107dce0b7)
0x0000000107dce097:   49 8b 7f 38 e8 9c 1a 00 00 4d 89 77 38 49 89 5f
0x0000000107dce0a7:   40 4c 89 f0 48 85 c0 0f 84 16 05 00 00 48 89 c3
0x0000000107dce0b7:   0f b6 43 0c 0f b6 4b 0d 48 c1 e1 08 48 01 c1 0f
0x0000000107dce0c7:   b6 43 0e 0f b6 53 0f 48 c1 e2 08 48 01 c2 48 c1 

Register to memory mapping:

RAX=0x00007fdb1c1266c0 is an unknown value
RBX=0x00000001128e8c60 is an unknown value
RCX=0x0000000000000001 is an unknown value
RDX=0x0000000000000508 is an unknown value
RSP=0x0000000113773190 is pointing into the stack for thread: 0x00007fdb1ad20800
RBP=0x00000001137731f0 is pointing into the stack for thread: 0x00007fdb1ad20800
RSI=0x00007fdb1c400000 is an unknown value
RDI=0x0000000107b73a00 is an unknown value
R8 =0x0000000000000004 is an unknown value
R9 =0x00000000fffffc00 is an unknown value
R10=0x00000001090e0d98 is at entry_point+88 in (nmethod*)0x00000001090e0bd0
R11=0xfffffff924c0c6a6 is an unknown value
R12=0x0000000000000010 is an unknown value
R13=0x00007fdb1c126880 is an unknown value
R14=0x00007fdb1c1266c0 is an unknown value
R15=0x00007fdb1c3769e0 is an unknown value


Stack: [0x0000000113676000,0x0000000113776000],  sp=0x0000000113773190,  free space=1012k
Native frames: (J=compiled Java code, j=interpreted, Vv=VM code, C=native code)
C  [libzip.dylib+0x30b7]  newEntry+0x154
C  [libzip.dylib+0x3725]  ZIP_GetEntry+0xa2
C  [libzip.dylib+0x2570]  Java_java_util_zip_ZipFile_getEntry+0xdd
J 69  java.util.zip.ZipFile.getEntry(J[BZ)J (0 bytes) @ 0x00000001090e0e0e [0x00000001090e0d40+0xce]

Java frames: (J=compiled Java code, j=interpreted, Vv=VM code)
J 69  java.util.zip.ZipFile.getEntry(J[BZ)J (0 bytes) @ 0x00000001090e0d98 [0x00000001090e0d40+0x58]
J 179 C2 java.util.jar.JarFile.getEntry(Ljava/lang/String;)Ljava/util/zip/ZipEntry; (22 bytes) @ 0x0000000109131fa8 [0x0000000109131ee0+0xc8]
j  java.util.jar.JarFile.getJarEntry(Ljava/lang/String;)Ljava/util/jar/JarEntry;+2
j  java.util.jar.JarFile.getManEntry()Ljava/util/jar/JarEntry;+11
J 58 C2 java.util.jar.JarFile.hasClassPathAttribute()Z (168 bytes) @ 0x00000001090dc5ec [0x00000001090dc580+0x6c]
j  java.util.jar.JavaUtilJarAccessImpl.jarFileHasClassPathAttribute(Ljava/util/jar/JarFile;)Z+1
j  sun.misc.URLClassPath$JarLoader.getClassPath()[Ljava/net/URL;+33
J 2142 C2 sun.misc.URLClassPath.getResource(Ljava/lang/String;Z)Lsun/misc/Resource; (74 bytes) @ 0x0000000109825fcc [0x00000001098258a0+0x72c]
J 221 C2 java.net.URLClassLoader$1.run()Ljava/lang/Object; (5 bytes) @ 0x00000001090e76bc [0x00000001090e74e0+0x1dc]
v  ~StubRoutines::call_stub
J 220  java.security.AccessController.doPrivileged(Ljava/security/PrivilegedExceptionAction;Ljava/security/AccessControlContext;)Ljava/lang/Object; (0 bytes) @ 0x0000000109237ca3 [0x0000000109237c40+0x63]
J 246 C2 java.net.URLClassLoader.findClass(Ljava/lang/String;)Ljava/lang/Class; (29 bytes) @ 0x0000000109243354 [0x00000001092432c0+0x94]
J 199 C2 java.lang.ClassLoader.loadClass(Ljava/lang/String;Z)Ljava/lang/Class; (122 bytes) @ 0x000000010923e2e0 [0x000000010923de60+0x480]
J 572 C2 java.lang.ClassLoader.loadClass(Ljava/lang/String;)Ljava/lang/Class; (7 bytes) @ 0x00000001092617a0 [0x0000000109261760+0x40]
j  java_lang_ClassLoader$loadClass.call(Ljava/lang/Object;[Ljava/lang/Object;)Ljava/lang/Object;+19
j  org.codehaus.groovy.runtime.callsite.CallSiteArray.defaultCall(Lorg/codehaus/groovy/runtime/callsite/CallSite;Ljava/lang/Object;[Ljava/lang/Object;)Ljava/lang/Object;+8
j  org.codehaus.groovy.runtime.callsite.AbstractCallSite.call(Ljava/lang/Object;[Ljava/lang/Object;)Ljava/lang/Object;+3
j  org.codehaus.groovy.runtime.callsite.AbstractCallSite.call(Ljava/lang/Object;Ljava/lang/Object;)Ljava/lang/Object;+6
j  ijinit0_6oqeiaryo81qa5rkoie08iipd.run()Ljava/lang/Object;+118
j  org.gradle.groovy.scripts.internal.DefaultScriptRunnerFactory$ScriptRunnerImpl.run()V+48
j  org.gradle.configuration.DefaultScriptPluginFactory$ScriptPluginImpl$1.run()V+62
j  org.gradle.configuration.DefaultScriptPluginFactory$ScriptPluginImpl.apply(Ljava/lang/Object;)V+504
j  org.gradle.configuration.DefaultInitScriptProcessor.process(Lorg/gradle/groovy/scripts/ScriptSource;Lorg/gradle/api/internal/GradleInternal;)V+118
j  org.gradle.initialization.InitScriptHandler.executeScripts(Lorg/gradle/api/internal/GradleInternal;)V+49
j  org.gradle.initialization.DefaultGradleLauncher.doBuildStages(Lorg/gradle/initialization/DefaultGradleLauncher$Stage;)V+8
j  org.gradle.initialization.DefaultGradleLauncher.doBuild(Lorg/gradle/initialization/DefaultGradleLauncher$Stage;)Lorg/gradle/BuildResult;+27
j  org.gradle.initialization.DefaultGradleLauncher.getBuildAnalysis()Lorg/gradle/BuildResult;+4
j  org.gradle.launcher.exec.InProcessBuildActionExecuter$DefaultBuildController.configure()Lorg/gradle/api/internal/GradleInternal;+5
j  org.gradle.tooling.internal.provider.runner.ClientProvidedBuildActionRunner.run(Lorg/gradle/internal/invocation/BuildAction;Lorg/gradle/internal/invocation/BuildController;)V+56
j  org.gradle.launcher.exec.ChainingBuildActionRunner.run(Lorg/gradle/internal/invocation/BuildAction;Lorg/gradle/internal/invocation/BuildController;)V+34
j  org.gradle.launcher.exec.InProcessBuildActionExecuter.execute(Lorg/gradle/internal/invocation/BuildAction;Lorg/gradle/initialization/BuildRequestContext;Lorg/gradle/launcher/exec/BuildActionParameters;)Ljava/lang/Object;+39
j  org.gradle.launcher.exec.InProcessBuildActionExecuter.execute(Lorg/gradle/internal/invocation/BuildAction;Lorg/gradle/initialization/BuildRequestContext;Ljava/lang/Object;)Ljava/lang/Object;+7
j  org.gradle.launcher.daemon.server.exec.ExecuteBuild.doBuild(Lorg/gradle/launcher/daemon/server/api/DaemonCommandExecution;Lorg/gradle/launcher/daemon/protocol/Build;)V+70
j  org.gradle.launcher.daemon.server.exec.BuildCommandOnly.execute(Lorg/gradle/launcher/daemon/server/api/DaemonCommandExecution;)V+49
j  org.gradle.launcher.daemon.server.api.DaemonCommandExecution.proceed()Z+28
j  org.gradle.launcher.daemon.server.exec.WatchForDisconnection.execute(Lorg/gradle/launcher/daemon/server/api/DaemonCommandExecution;)V+19
j  org.gradle.launcher.daemon.server.api.DaemonCommandExecution.proceed()Z+28
j  org.gradle.launcher.daemon.server.exec.ResetDeprecationLogger.execute(Lorg/gradle/launcher/daemon/server/api/DaemonCommandExecution;)V+4
j  org.gradle.launcher.daemon.server.api.DaemonCommandExecution.proceed()Z+28
j  org.gradle.launcher.daemon.server.exec.RequestStopIfSingleUsedDaemon.execute(Lorg/gradle/launcher/daemon/server/api/DaemonCommandExecution;)V+31
j  org.gradle.launcher.daemon.server.api.DaemonCommandExecution.proceed()Z+28
j  org.gradle.launcher.daemon.server.exec.ForwardClientInput$2.call()Ljava/lang/Void;+4
j  org.gradle.launcher.daemon.server.exec.ForwardClientInput$2.call()Ljava/lang/Object;+1
j  org.gradle.util.Swapper.swap(Ljava/lang/Object;Ljava/util/concurrent/Callable;)Ljava/lang/Object;+21
j  org.gradle.launcher.daemon.server.exec.ForwardClientInput.execute(Lorg/gradle/launcher/daemon/server/api/DaemonCommandExecution;)V+63
j  org.gradle.launcher.daemon.server.api.DaemonCommandExecution.proceed()Z+28
j  org.gradle.launcher.daemon.server.health.DaemonHealthTracker.execute(Lorg/gradle/launcher/daemon/server/api/DaemonCommandExecution;)V+35
j  org.gradle.launcher.daemon.server.api.DaemonCommandExecution.proceed()Z+28
j  org.gradle.launcher.daemon.server.exec.LogToClient.doBuild(Lorg/gradle/launcher/daemon/server/api/DaemonCommandExecution;Lorg/gradle/launcher/daemon/protocol/Build;)V+106
j  org.gradle.launcher.daemon.server.exec.BuildCommandOnly.execute(Lorg/gradle/launcher/daemon/server/api/DaemonCommandExecution;)V+49
j  org.gradle.launcher.daemon.server.api.DaemonCommandExecution.proceed()Z+28
j  org.gradle.launcher.daemon.server.exec.EstablishBuildEnvironment.doBuild(Lorg/gradle/launcher/daemon/server/api/DaemonCommandExecution;Lorg/gradle/launcher/daemon/protocol/Build;)V+243
j  org.gradle.launcher.daemon.server.exec.BuildCommandOnly.execute(Lorg/gradle/launcher/daemon/server/api/DaemonCommandExecution;)V+49
j  org.gradle.launcher.daemon.server.api.DaemonCommandExecution.proceed()Z+28
j  org.gradle.launcher.daemon.server.health.HintGCAfterBuild.execute(Lorg/gradle/launcher/daemon/server/api/DaemonCommandExecution;)V+1
j  org.gradle.launcher.daemon.server.api.DaemonCommandExecution.proceed()Z+28
j  org.gradle.launcher.daemon.server.exec.StartBuildOrRespondWithBusy$1.run()V+44
j  org.gradle.launcher.daemon.server.DaemonStateCoordinator$1.run()V+4
j  org.gradle.internal.concurrent.ExecutorPolicy$CatchAndRecordFailures.onExecute(Ljava/lang/Runnable;)V+1
j  org.gradle.internal.concurrent.StoppableExecutorImpl$1.run()V+25
j  java.util.concurrent.ThreadPoolExecutor.runWorker(Ljava/util/concurrent/ThreadPoolExecutor$Worker;)V+95
j  java.util.concurrent.ThreadPoolExecutor$Worker.run()V+5
j  java.lang.Thread.run()V+11
v  ~StubRoutines::call_stub

---------------  P R O C E S S  ---------------

Java Threads: ( => current thread )
  0x00007fdb1a1c8800 JavaThread "Stdin handler" [_thread_blocked, id=22359, stack(0x0000000113d90000,0x0000000113e90000)]
  0x00007fdb1ae14000 JavaThread "Cancel handler" [_thread_blocked, id=12379, stack(0x0000000113251000,0x0000000113351000)]
  0x00007fdb1cde6000 JavaThread "Handler for socket connection from /127.0.0.1:60286 to /127.0.0.1:62370" [_thread_in_native, id=21107, stack(0x000000011314e000,0x000000011324e000)]
=>0x00007fdb1ad20800 JavaThread "Daemon worker Thread 13" [_thread_in_native, id=20567, stack(0x0000000113676000,0x0000000113776000)]
  0x00007fdb1b2a8800 JavaThread "Daemon Thread 13" [_thread_blocked, id=19559, stack(0x0000000112ef7000,0x0000000112ff7000)]
  0x00007fdb1b26a000 JavaThread "File lock request listener" [_thread_in_native, id=21763, stack(0x0000000113471000,0x0000000113571000)]
  0x00007fdb1bb3a800 JavaThread "Incoming local TCP Connector on port 60286" [_thread_in_native, id=18691, stack(0x0000000112df4000,0x0000000112ef4000)]
  0x00007fdb1b849800 JavaThread "Service Thread" daemon [_thread_blocked, id=17667, stack(0x0000000112504000,0x0000000112604000)]
  0x00007fdb1b848800 JavaThread "C2 CompilerThread1" daemon [_thread_blocked, id=17155, stack(0x0000000112401000,0x0000000112501000)]
  0x00007fdb1b839000 JavaThread "C2 CompilerThread0" daemon [_thread_blocked, id=16643, stack(0x00000001122fe000,0x00000001123fe000)]
  0x00007fdb1b801000 JavaThread "Signal Dispatcher" daemon [_thread_blocked, id=13335, stack(0x00000001121fb000,0x00000001122fb000)]
  0x00007fdb1b836800 JavaThread "Finalizer" daemon [_thread_blocked, id=11523, stack(0x00000001108c2000,0x00000001109c2000)]
  0x00007fdb1b835800 JavaThread "Reference Handler" daemon [_thread_blocked, id=11011, stack(0x00000001107bf000,0x00000001108bf000)]
  0x00007fdb1a00e800 JavaThread "main" [_thread_blocked, id=4867, stack(0x0000000107c82000,0x0000000107d82000)]

Other Threads:
  0x00007fdb1b833000 VMThread [stack: 0x00000001106bc000,0x00000001107bc000] [id=10499]
  0x00007fdb1b838800 WatcherThread [stack: 0x0000000112607000,0x0000000112707000] [id=18179]

VM state:not at safepoint (normal execution)

VM Mutex/Monitor currently owned by a thread: None

Heap
 PSYoungGen      total 308736K, used 67368K [0x00000007eaa80000, 0x00000007fec00000, 0x0000000800000000)
  eden space 289280K, 23% used [0x00000007eaa80000,0x00000007eec4a108,0x00000007fc500000)
  from space 19456K, 0% used [0x00000007fd900000,0x00000007fd900000,0x00000007fec00000)
  to   space 19968K, 0% used [0x00000007fc500000,0x00000007fc500000,0x00000007fd880000)
 ParOldGen       total 87040K, used 24596K [0x00000007c0000000, 0x00000007c5500000, 0x00000007eaa80000)
  object space 87040K, 28% used [0x00000007c0000000,0x00000007c1805358,0x00000007c5500000)
 PSPermGen       total 74752K, used 54395K [0x00000007b0000000, 0x00000007b4900000, 0x00000007c0000000)
  object space 74752K, 72% used [0x00000007b0000000,0x00000007b351efc0,0x00000007b4900000)

Card table byte_map: [0x000000010c121000,0x000000010c3a2000] byte_map_base: 0x00000001083a1000

Polling page: 0x0000000107dc1000

Code Cache  [0x0000000109061000, 0x0000000109981000, 0x000000010c061000)
 total_blobs=2943 nmethods=2276 adapters=620 free_code_cache=39996Kb largest_free_block=40822720

Compilation events (10 events):
Event: 66862.987 Thread 0x00007fdb1b848800 2528             java.util.TimSort::mergeLo (655 bytes)
Event: 66863.002 Thread 0x00007fdb1b839000 2529             java.util.Arrays::fill (28 bytes)
Event: 66863.004 Thread 0x00007fdb1b839000 nmethod 2529 0x000000010992dd10 code [0x000000010992de60, 0x000000010992dfb8]
Event: 66863.025 Thread 0x00007fdb1b848800 nmethod 2528 0x000000010994e250 code [0x000000010994e480, 0x000000010994fce8]
Event: 66864.783 Thread 0x00007fdb1b839000 2530             java.io.ObjectInputStream$BlockDataInputStream::readByte (20 bytes)
Event: 66864.786 Thread 0x00007fdb1b848800 2531             org.gradle.internal.serialize.InputStreamBackedDecoder::maybeReadBytes (11 bytes)
Event: 66864.787 Thread 0x00007fdb1b848800 nmethod 2531 0x000000010992d950 code [0x000000010992daa0, 0x000000010992db88]
Event: 66864.787 Thread 0x00007fdb1b839000 nmethod 2530 0x00000001098cc3d0 code [0x00000001098cc580, 0x00000001098cc948]
Event: 67059.406 Thread 0x00007fdb1b839000 2532             java.io.Bits::getShort (18 bytes)
Event: 67059.407 Thread 0x00007fdb1b839000 nmethod 2532 0x000000010992d690 code [0x000000010992d7e0, 0x000000010992d898]

GC Heap History (10 events):
Event: 66697.220 GC heap before
{Heap before GC invocations=34 (full 10):
 PSYoungGen      total 310272K, used 800K [0x00000007eaa80000, 0x00000007fef00000, 0x0000000800000000)
  eden space 289280K, 0% used [0x00000007eaa80000,0x00000007eaa80000,0x00000007fc500000)
  from space 20992K, 3% used [0x00000007fda80000,0x00000007fdb48020,0x00000007fef00000)
  to   space 21504K, 0% used [0x00000007fc500000,0x00000007fc500000,0x00000007fda00000)
 ParOldGen       total 87040K, used 42225K [0x00000007c0000000, 0x00000007c5500000, 0x00000007eaa80000)
  object space 87040K, 48% used [0x00000007c0000000,0x00000007c293c6a8,0x00000007c5500000)
 PSPermGen       total 87040K, used 56156K [0x00000007b0000000, 0x00000007b5500000, 0x00000007c0000000)
  object space 87040K, 64% used [0x00000007b0000000,0x00000007b36d7130,0x00000007b5500000)
Event: 66697.773 GC heap after
Heap after GC invocations=34 (full 10):
 PSYoungGen      total 310272K, used 0K [0x00000007eaa80000, 0x00000007fef00000, 0x0000000800000000)
  eden space 289280K, 0% used [0x00000007eaa80000,0x00000007eaa80000,0x00000007fc500000)
  from space 20992K, 0% used [0x00000007fda80000,0x00000007fda80000,0x00000007fef00000)
  to   space 21504K, 0% used [0x00000007fc500000,0x00000007fc500000,0x00000007fda00000)
 ParOldGen       total 87040K, used 23743K [0x00000007c0000000, 0x00000007c5500000, 0x00000007eaa80000)
  object space 87040K, 27% used [0x00000007c0000000,0x00000007c172fc10,0x00000007c5500000)
 PSPermGen       total 81408K, used 53945K [0x00000007b0000000, 0x00000007b4f80000, 0x00000007c0000000)
  object space 81408K, 66% used [0x00000007b0000000,0x00000007b34ae688,0x00000007b4f80000)
}
Event: 66822.819 GC heap before
{Heap before GC invocations=35 (full 10):
 PSYoungGen      total 310272K, used 24383K [0x00000007eaa80000, 0x00000007fef00000, 0x0000000800000000)
  eden space 289280K, 8% used [0x00000007eaa80000,0x00000007ec24fd90,0x00000007fc500000)
  from space 20992K, 0% used [0x00000007fda80000,0x00000007fda80000,0x00000007fef00000)
  to   space 21504K, 0% used [0x00000007fc500000,0x00000007fc500000,0x00000007fda00000)
 ParOldGen       total 87040K, used 23743K [0x00000007c0000000, 0x00000007c5500000, 0x00000007eaa80000)
  object space 87040K, 27% used [0x00000007c0000000,0x00000007c172fc10,0x00000007c5500000)
 PSPermGen       total 81408K, used 54166K [0x00000007b0000000, 0x00000007b4f80000, 0x00000007c0000000)
  object space 81408K, 66% used [0x00000007b0000000,0x00000007b34e59d8,0x00000007b4f80000)
Event: 66822.828 GC heap after
Heap after GC invocations=35 (full 10):
 PSYoungGen      total 290816K, used 1456K [0x00000007eaa80000, 0x00000007fed00000, 0x0000000800000000)
  eden space 289280K, 0% used [0x00000007eaa80000,0x00000007eaa80000,0x00000007fc500000)
  from space 1536K, 94% used [0x00000007fc500000,0x00000007fc66c010,0x00000007fc680000)
  to   space 20480K, 0% used [0x00000007fd900000,0x00000007fd900000,0x00000007fed00000)
 ParOldGen       total 87040K, used 23743K [0x00000007c0000000, 0x00000007c5500000, 0x00000007eaa80000)
  object space 87040K, 27% used [0x00000007c0000000,0x00000007c172fc10,0x00000007c5500000)
 PSPermGen       total 81408K, used 54166K [0x00000007b0000000, 0x00000007b4f80000, 0x00000007c0000000)
  object space 81408K, 66% used [0x00000007b0000000,0x00000007b34e59d8,0x00000007b4f80000)
}
Event: 66822.828 GC heap before
{Heap before GC invocations=36 (full 11):
 PSYoungGen      total 290816K, used 1456K [0x00000007eaa80000, 0x00000007fed00000, 0x0000000800000000)
  eden space 289280K, 0% used [0x00000007eaa80000,0x00000007eaa80000,0x00000007fc500000)
  from space 1536K, 94% used [0x00000007fc500000,0x00000007fc66c010,0x00000007fc680000)
  to   space 20480K, 0% used [0x00000007fd900000,0x00000007fd900000,0x00000007fed00000)
 ParOldGen       total 87040K, used 23743K [0x00000007c0000000, 0x00000007c5500000, 0x00000007eaa80000)
  object space 87040K, 27% used [0x00000007c0000000,0x00000007c172fc10,0x00000007c5500000)
 PSPermGen       total 81408K, used 54166K [0x00000007b0000000, 0x00000007b4f80000, 0x00000007c0000000)
  object space 81408K, 66% used [0x00000007b0000000,0x00000007b34e59d8,0x00000007b4f80000)
Event: 66822.983 GC heap after
Heap after GC invocations=36 (full 11):
 PSYoungGen      total 290816K, used 0K [0x00000007eaa80000, 0x00000007fed00000, 0x0000000800000000)
  eden space 289280K, 0% used [0x00000007eaa80000,0x00000007eaa80000,0x00000007fc500000)
  from space 1536K, 0% used [0x00000007fc500000,0x00000007fc500000,0x00000007fc680000)
  to   space 20480K, 0% used [0x00000007fd900000,0x00000007fd900000,0x00000007fed00000)
 ParOldGen       total 87040K, used 24271K [0x00000007c0000000, 0x00000007c5500000, 0x00000007eaa80000)
  object space 87040K, 27% used [0x00000007c0000000,0x00000007c17b3de8,0x00000007c5500000)
 PSPermGen       total 77824K, used 54166K [0x00000007b0000000, 0x00000007b4c00000, 0x00000007c0000000)
  object space 77824K, 69% used [0x00000007b0000000,0x00000007b34e5958,0x00000007b4c00000)
}
Event: 67058.154 GC heap before
{Heap before GC invocations=37 (full 11):
 PSYoungGen      total 290816K, used 17628K [0x00000007eaa80000, 0x00000007fed00000, 0x0000000800000000)
  eden space 289280K, 6% used [0x00000007eaa80000,0x00000007ebbb7060,0x00000007fc500000)
  from space 1536K, 0% used [0x00000007fc500000,0x00000007fc500000,0x00000007fc680000)
  to   space 20480K, 0% used [0x00000007fd900000,0x00000007fd900000,0x00000007fed00000)
 ParOldGen       total 87040K, used 24271K [0x00000007c0000000, 0x00000007c5500000, 0x00000007eaa80000)
  object space 87040K, 27% used [0x00000007c0000000,0x00000007c17b3de8,0x00000007c5500000)
 PSPermGen       total 77824K, used 54176K [0x00000007b0000000, 0x00000007b4c00000, 0x00000007c0000000)
  object space 77824K, 69% used [0x00000007b0000000,0x00000007b34e82a8,0x00000007b4c00000)
Event: 67058.160 GC heap after
Heap after GC invocations=37 (full 11):
 PSYoungGen      total 308736K, used 544K [0x00000007eaa80000, 0x00000007fec00000, 0x0000000800000000)
  eden space 289280K, 0% used [0x00000007eaa80000,0x00000007eaa80000,0x00000007fc500000)
  from space 19456K, 2% used [0x00000007fd900000,0x00000007fd988000,0x00000007fec00000)
  to   space 19968K, 0% used [0x00000007fc500000,0x00000007fc500000,0x00000007fd880000)
 ParOldGen       total 87040K, used 24271K [0x00000007c0000000, 0x00000007c5500000, 0x00000007eaa80000)
  object space 87040K, 27% used [0x00000007c0000000,0x00000007c17b3de8,0x00000007c5500000)
 PSPermGen       total 77824K, used 54176K [0x00000007b0000000, 0x00000007b4c00000, 0x00000007c0000000)
  object space 77824K, 69% used [0x00000007b0000000,0x00000007b34e82a8,0x00000007b4c00000)
}
Event: 67058.160 GC heap before
{Heap before GC invocations=38 (full 12):
 PSYoungGen      total 308736K, used 544K [0x00000007eaa80000, 0x00000007fec00000, 0x0000000800000000)
  eden space 289280K, 0% used [0x00000007eaa80000,0x00000007eaa80000,0x00000007fc500000)
  from space 19456K, 2% used [0x00000007fd900000,0x00000007fd988000,0x00000007fec00000)
  to   space 19968K, 0% used [0x00000007fc500000,0x00000007fc500000,0x00000007fd880000)
 ParOldGen       total 87040K, used 24271K [0x00000007c0000000, 0x00000007c5500000, 0x00000007eaa80000)
  object space 87040K, 27% used [0x00000007c0000000,0x00000007c17b3de8,0x00000007c5500000)
 PSPermGen       total 77824K, used 54176K [0x00000007b0000000, 0x00000007b4c00000, 0x00000007c0000000)
  object space 77824K, 69% used [0x00000007b0000000,0x00000007b34e82a8,0x00000007b4c00000)
Event: 67058.290 GC heap after
Heap after GC invocations=38 (full 12):
 PSYoungGen      total 308736K, used 0K [0x00000007eaa80000, 0x00000007fec00000, 0x0000000800000000)
  eden space 289280K, 0% used [0x00000007eaa80000,0x00000007eaa80000,0x00000007fc500000)
  from space 19456K, 0% used [0x00000007fd900000,0x00000007fd900000,0x00000007fec00000)
  to   space 19968K, 0% used [0x00000007fc500000,0x00000007fc500000,0x00000007fd880000)
 ParOldGen       total 87040K, used 24596K [0x00000007c0000000, 0x00000007c5500000, 0x00000007eaa80000)
  object space 87040K, 28% used [0x00000007c0000000,0x00000007c1805358,0x00000007c5500000)
 PSPermGen       total 74752K, used 54176K [0x00000007b0000000, 0x00000007b4900000, 0x00000007c0000000)
  object space 74752K, 72% used [0x00000007b0000000,0x00000007b34e8288,0x00000007b4900000)
}

Deoptimization events (10 events):
Event: 7818.357 Thread 0x00007fdb1ae14000 Uncommon trap: reason=unreached action=reinterpret pc=0x000000010953b8d4 method=com.sun.tools.javac.code.Symbol$MethodSymbol.binaryImplementation(Lcom/sun/tools/javac/code/Symbol$ClassSymbol;Lcom/sun/tools/javac/code/Types;)Lcom/sun/tools/javac/code/Symbo
Event: 7818.358 Thread 0x00007fdb1ae14000 Uncommon trap: reason=unreached action=reinterpret pc=0x0000000109881b78 method=com.sun.tools.javac.comp.TransTypes.addBridgeIfNeeded(Lcom/sun/tools/javac/util/JCDiagnostic$DiagnosticPosition;Lcom/sun/tools/javac/code/Symbol;Lcom/sun/tools/javac/code/Symb
Event: 7818.359 Thread 0x00007fdb1ae14000 Uncommon trap: reason=class_check action=maybe_recompile pc=0x00000001094b2c20 method=com.sun.tools.javac.comp.TransTypes.addBridges(Lcom/sun/tools/javac/util/JCDiagnostic$DiagnosticPosition;Lcom/sun/tools/javac/code/Symbol$TypeSymbol;Lcom/sun/tools/javac
Event: 7818.360 Thread 0x00007fdb1ae14000 Uncommon trap: reason=unreached action=reinterpret pc=0x0000000109447fa4 method=com.sun.tools.javac.comp.Lower.visitClassDef(Lcom/sun/tools/javac/tree/JCTree$JCClassDecl;)V @ 409
Event: 7818.361 Thread 0x00007fdb1ae14000 Uncommon trap: reason=class_check action=maybe_recompile pc=0x00000001098cef18 method=com.sun.tools.javac.jvm.Gen.visitNewArray(Lcom/sun/tools/javac/tree/JCTree$JCNewArray;)V @ 80
Event: 66729.432 Thread 0x00007fdb1a0a1800 Uncommon trap: reason=range_check action=make_not_entrant pc=0x0000000109904e3c method=java.text.SimpleDateFormat.format(Ljava/util/Date;Ljava/lang/StringBuffer;Ljava/text/Format$FieldDelegate;)Ljava/lang/StringBuffer; @ 48
Event: 66864.802 Thread 0x00007fdb1b909800 Uncommon trap: reason=array_check action=maybe_recompile pc=0x000000010994f684 method=java.util.TimSort.mergeLo(IIII)V @ 77
Event: 66864.802 Thread 0x00007fdb1b909800 Uncommon trap: reason=array_check action=maybe_recompile pc=0x000000010994f684 method=java.util.TimSort.mergeLo(IIII)V @ 77
Event: 67058.147 Thread 0x00007fdb1ad20800 Uncommon trap: reason=array_check action=maybe_recompile pc=0x000000010994f684 method=java.util.TimSort.mergeLo(IIII)V @ 77
Event: 67058.147 Thread 0x00007fdb1ad20800 Uncommon trap: reason=array_check action=maybe_recompile pc=0x000000010994f684 method=java.util.TimSort.mergeLo(IIII)V @ 77

Internal exceptions (10 events):
Event: 67059.917 Thread 0x00007fdb1ad20800 Threw 0x00000007eeabb900 at /HUDSON/workspace/7u-2-build-macosx-x86_64/jdk7u75/1940/hotspot/src/share/vm/prims/jvm.cpp:1281
Event: 67059.917 Thread 0x00007fdb1ad20800 Threw 0x00000007eeac04c0 at /HUDSON/workspace/7u-2-build-macosx-x86_64/jdk7u75/1940/hotspot/src/share/vm/prims/jvm.cpp:1281
Event: 67059.942 Thread 0x00007fdb1ad20800 Threw 0x00000007eeae9950 at /HUDSON/workspace/7u-2-build-macosx-x86_64/jdk7u75/1940/hotspot/src/share/vm/prims/jvm.cpp:1281
Event: 67059.942 Thread 0x00007fdb1ad20800 Threw 0x00000007eeaea1e0 at /HUDSON/workspace/7u-2-build-macosx-x86_64/jdk7u75/1940/hotspot/src/share/vm/prims/jvm.cpp:1281
Event: 67059.942 Thread 0x00007fdb1ad20800 Threw 0x00000007eeaeeea0 at /HUDSON/workspace/7u-2-build-macosx-x86_64/jdk7u75/1940/hotspot/src/share/vm/prims/jvm.cpp:1281
Event: 67059.942 Thread 0x00007fdb1ad20800 Threw 0x00000007eeaf25a0 at /HUDSON/workspace/7u-2-build-macosx-x86_64/jdk7u75/1940/hotspot/src/share/vm/prims/jvm.cpp:1285
Event: 67059.945 Thread 0x00007fdb1ad20800 Threw 0x00000007eeb2e248 at /HUDSON/workspace/7u-2-build-macosx-x86_64/jdk7u75/1940/hotspot/src/share/vm/prims/jvm.cpp:1281
Event: 67059.945 Thread 0x00007fdb1ad20800 Threw 0x00000007eeb2eb58 at /HUDSON/workspace/7u-2-build-macosx-x86_64/jdk7u75/1940/hotspot/src/share/vm/prims/jvm.cpp:1281
Event: 67059.945 Thread 0x00007fdb1ad20800 Threw 0x00000007eeb34108 at /HUDSON/workspace/7u-2-build-macosx-x86_64/jdk7u75/1940/hotspot/src/share/vm/prims/jvm.cpp:1281
Event: 67059.948 Thread 0x00007fdb1ad20800 Threw 0x00000007eeb5b358 at /HUDSON/workspace/7u-2-build-macosx-x86_64/jdk7u75/1940/hotspot/src/share/vm/prims/jvm.cpp:1281

Events (10 events):
Event: 67059.921 loading class 0x00007fdb19c93140
Event: 67059.921 loading class 0x00007fdb19c93140 done
Event: 67059.941 loading class 0x00007fdb19c93140
Event: 67059.941 loading class 0x00007fdb19c93140 done
Event: 67059.942 loading class 0x00007fdb1c2c9e40
Event: 67059.942 loading class 0x00007fdb1c2c9e40 done
Event: 67059.945 loading class 0x00007fdb1c253470
Event: 67059.945 loading class 0x00007fdb1c253470 done
Event: 67059.948 loading class 0x00007fdb19c93140
Event: 67059.948 loading class 0x00007fdb19c93140 done


Dynamic libraries:
0x0000000005387000 	/System/Library/Frameworks/Cocoa.framework/Versions/A/Cocoa
0x0000000005387000 	/System/Library/Frameworks/Security.framework/Versions/A/Security
0x0000000005387000 	/System/Library/Frameworks/ApplicationServices.framework/Versions/A/ApplicationServices
0x0000000005387000 	/usr/lib/libz.1.dylib
0x0000000005387000 	/usr/lib/libSystem.B.dylib
0x0000000005387000 	/usr/lib/libobjc.A.dylib
0x0000000005387000 	/System/Library/Frameworks/CoreFoundation.framework/Versions/A/CoreFoundation
0x0000000005387000 	/System/Library/Frameworks/Foundation.framework/Versions/C/Foundation
0x0000000005387000 	/System/Library/Frameworks/AppKit.framework/Versions/C/AppKit
0x0000000005387000 	/System/Library/Frameworks/CoreData.framework/Versions/A/CoreData
0x0000000005387000 	/System/Library/PrivateFrameworks/RemoteViewServices.framework/Versions/A/RemoteViewServices
0x0000000005387000 	/System/Library/PrivateFrameworks/UIFoundation.framework/Versions/A/UIFoundation
0x0000000005387000 	/System/Library/Frameworks/IOSurface.framework/Versions/A/IOSurface
0x0000000005387000 	/System/Library/Frameworks/AudioToolbox.framework/Versions/A/AudioToolbox
0x0000000005387000 	/System/Library/Frameworks/AudioUnit.framework/Versions/A/AudioUnit
0x0000000005387000 	/System/Library/PrivateFrameworks/DataDetectorsCore.framework/Versions/A/DataDetectorsCore
0x0000000005387000 	/System/Library/PrivateFrameworks/DesktopServicesPriv.framework/Versions/A/DesktopServicesPriv
0x0000000005387000 	/System/Library/Frameworks/Carbon.framework/Versions/A/Frameworks/HIToolbox.framework/Versions/A/HIToolbox
0x0000000005387000 	/System/Library/Frameworks/QuartzCore.framework/Versions/A/QuartzCore
0x0000000005387000 	/System/Library/Frameworks/Carbon.framework/Versions/A/Frameworks/SpeechRecognition.framework/Versions/A/SpeechRecognition
0x0000000005387000 	/usr/lib/libauto.dylib
0x0000000005387000 	/usr/lib/libicucore.A.dylib
0x0000000005387000 	/usr/lib/libxml2.2.dylib
0x0000000005387000 	/System/Library/PrivateFrameworks/CoreUI.framework/Versions/A/CoreUI
0x0000000005387000 	/System/Library/Frameworks/CoreAudio.framework/Versions/A/CoreAudio
0x0000000005387000 	/System/Library/Frameworks/DiskArbitration.framework/Versions/A/DiskArbitration
0x0000000005387000 	/usr/lib/liblangid.dylib
0x0000000005387000 	/System/Library/PrivateFrameworks/MultitouchSupport.framework/Versions/A/MultitouchSupport
0x0000000005387000 	/System/Library/Frameworks/IOKit.framework/Versions/A/IOKit
0x0000000005387000 	/usr/lib/libDiagnosticMessagesClient.dylib
0x0000000005387000 	/System/Library/Frameworks/CoreServices.framework/Versions/A/CoreServices
0x0000000005387000 	/System/Library/PrivateFrameworks/PerformanceAnalysis.framework/Versions/A/PerformanceAnalysis
0x0000000005387000 	/System/Library/PrivateFrameworks/GenerationalStorage.framework/Versions/A/GenerationalStorage
0x0000000005387000 	/System/Library/Frameworks/OpenGL.framework/Versions/A/OpenGL
0x0000000005387000 	/System/Library/PrivateFrameworks/Sharing.framework/Versions/A/Sharing
0x0000000005387000 	/System/Library/Frameworks/CoreGraphics.framework/Versions/A/CoreGraphics
0x0000000005387000 	/System/Library/Frameworks/CoreText.framework/Versions/A/CoreText
0x0000000005387000 	/System/Library/Frameworks/ImageIO.framework/Versions/A/ImageIO
0x0000000005387000 	/usr/lib/libextension.dylib
0x0000000005387000 	/System/Library/PrivateFrameworks/Backup.framework/Versions/A/Backup
0x0000000005387000 	/usr/lib/libarchive.2.dylib
0x0000000005387000 	/System/Library/Frameworks/CFNetwork.framework/Versions/A/CFNetwork
0x0000000005387000 	/System/Library/Frameworks/SystemConfiguration.framework/Versions/A/SystemConfiguration
0x0000000005387000 	/usr/lib/libCRFSuite.dylib
0x0000000005387000 	/usr/lib/libc++.1.dylib
0x0000000005387000 	/usr/lib/libc++abi.dylib
0x0000000005387000 	/usr/lib/system/libcache.dylib
0x0000000005387000 	/usr/lib/system/libcommonCrypto.dylib
0x0000000005387000 	/usr/lib/system/libcompiler_rt.dylib
0x0000000005387000 	/usr/lib/system/libcopyfile.dylib
0x0000000005387000 	/usr/lib/system/libcorecrypto.dylib
0x0000000005387000 	/usr/lib/system/libdispatch.dylib
0x0000000005387000 	/usr/lib/system/libdyld.dylib
0x0000000005387000 	/usr/lib/system/libkeymgr.dylib
0x0000000005387000 	/usr/lib/system/liblaunch.dylib
0x0000000005387000 	/usr/lib/system/libmacho.dylib
0x0000000005387000 	/usr/lib/system/libquarantine.dylib
0x0000000005387000 	/usr/lib/system/libremovefile.dylib
0x0000000005387000 	/usr/lib/system/libsystem_asl.dylib
0x0000000005387000 	/usr/lib/system/libsystem_blocks.dylib
0x0000000005387000 	/usr/lib/system/libsystem_c.dylib
0x0000000005387000 	/usr/lib/system/libsystem_configuration.dylib
0x0000000005387000 	/usr/lib/system/libsystem_coreservices.dylib
0x0000000005387000 	/usr/lib/system/libsystem_coretls.dylib
0x0000000005387000 	/usr/lib/system/libsystem_dnssd.dylib
0x0000000005387000 	/usr/lib/system/libsystem_info.dylib
0x0000000005387000 	/usr/lib/system/libsystem_kernel.dylib
0x0000000005387000 	/usr/lib/system/libsystem_m.dylib
0x0000000005387000 	/usr/lib/system/libsystem_malloc.dylib
0x0000000005387000 	/usr/lib/system/libsystem_network.dylib
0x0000000005387000 	/usr/lib/system/libsystem_networkextension.dylib
0x0000000005387000 	/usr/lib/system/libsystem_notify.dylib
0x0000000005387000 	/usr/lib/system/libsystem_platform.dylib
0x0000000005387000 	/usr/lib/system/libsystem_pthread.dylib
0x0000000005387000 	/usr/lib/system/libsystem_sandbox.dylib
0x0000000005387000 	/usr/lib/system/libsystem_secinit.dylib
0x0000000005387000 	/usr/lib/system/libsystem_stats.dylib
0x0000000005387000 	/usr/lib/system/libsystem_trace.dylib
0x0000000005387000 	/usr/lib/system/libunc.dylib
0x0000000005387000 	/usr/lib/system/libunwind.dylib
0x0000000005387000 	/usr/lib/system/libxpc.dylib
0x0000000005387000 	/usr/lib/libbz2.1.0.dylib
0x0000000005387000 	/usr/lib/liblzma.5.dylib
0x0000000005387000 	/usr/lib/libbsm.0.dylib
0x0000000005387000 	/usr/lib/libsqlite3.dylib
0x0000000005387000 	/usr/lib/system/libkxld.dylib
0x0000000005387000 	/usr/lib/libxar.1.dylib
0x0000000005387000 	/usr/lib/libpam.2.dylib
0x0000000005387000 	/usr/lib/libOpenScriptingUtil.dylib
0x0000000005387000 	/System/Library/Frameworks/CoreServices.framework/Versions/A/Frameworks/FSEvents.framework/Versions/A/FSEvents
0x0000000005387000 	/System/Library/Frameworks/CoreServices.framework/Versions/A/Frameworks/CarbonCore.framework/Versions/A/CarbonCore
0x0000000005387000 	/System/Library/Frameworks/CoreServices.framework/Versions/A/Frameworks/Metadata.framework/Versions/A/Metadata
0x0000000005387000 	/System/Library/Frameworks/CoreServices.framework/Versions/A/Frameworks/OSServices.framework/Versions/A/OSServices
0x0000000005387000 	/System/Library/Frameworks/CoreServices.framework/Versions/A/Frameworks/SearchKit.framework/Versions/A/SearchKit
0x0000000005387000 	/System/Library/Frameworks/CoreServices.framework/Versions/A/Frameworks/AE.framework/Versions/A/AE
0x0000000005387000 	/System/Library/Frameworks/CoreServices.framework/Versions/A/Frameworks/LaunchServices.framework/Versions/A/LaunchServices
0x0000000005387000 	/System/Library/Frameworks/CoreServices.framework/Versions/A/Frameworks/DictionaryServices.framework/Versions/A/DictionaryServices
0x0000000005387000 	/System/Library/Frameworks/NetFS.framework/Versions/A/NetFS
0x0000000005387000 	/System/Library/PrivateFrameworks/NetAuth.framework/Versions/A/NetAuth
0x0000000005387000 	/System/Library/PrivateFrameworks/login.framework/Versions/A/Frameworks/loginsupport.framework/Versions/A/loginsupport
0x0000000005387000 	/System/Library/PrivateFrameworks/TCC.framework/Versions/A/TCC
0x0000000005387000 	/usr/lib/libmecabra.dylib
0x0000000005387000 	/System/Library/Frameworks/ApplicationServices.framework/Versions/A/Frameworks/ATS.framework/Versions/A/ATS
0x0000000005387000 	/System/Library/Frameworks/ApplicationServices.framework/Versions/A/Frameworks/ColorSync.framework/Versions/A/ColorSync
0x0000000005387000 	/System/Library/Frameworks/ApplicationServices.framework/Versions/A/Frameworks/HIServices.framework/Versions/A/HIServices
0x0000000005387000 	/System/Library/Frameworks/ApplicationServices.framework/Versions/A/Frameworks/LangAnalysis.framework/Versions/A/LangAnalysis
0x0000000005387000 	/System/Library/Frameworks/ApplicationServices.framework/Versions/A/Frameworks/PrintCore.framework/Versions/A/PrintCore
0x0000000005387000 	/System/Library/Frameworks/ApplicationServices.framework/Versions/A/Frameworks/QD.framework/Versions/A/QD
0x0000000005387000 	/System/Library/Frameworks/ApplicationServices.framework/Versions/A/Frameworks/SpeechSynthesis.framework/Versions/A/SpeechSynthesis
0x0000000005387000 	/System/Library/Frameworks/Accelerate.framework/Versions/A/Accelerate
0x0000000005387000 	/System/Library/Frameworks/Accelerate.framework/Versions/A/Frameworks/vImage.framework/Versions/A/vImage
0x0000000005387000 	/System/Library/Frameworks/Accelerate.framework/Versions/A/Frameworks/vecLib.framework/Versions/A/vecLib
0x0000000005387000 	/System/Library/Frameworks/Accelerate.framework/Versions/A/Frameworks/vecLib.framework/Versions/A/libvDSP.dylib
0x0000000005387000 	/System/Library/Frameworks/Accelerate.framework/Versions/A/Frameworks/vecLib.framework/Versions/A/libvMisc.dylib
0x0000000005387000 	/System/Library/Frameworks/Accelerate.framework/Versions/A/Frameworks/vecLib.framework/Versions/A/libLAPACK.dylib
0x0000000005387000 	/System/Library/Frameworks/Accelerate.framework/Versions/A/Frameworks/vecLib.framework/Versions/A/libBLAS.dylib
0x0000000005387000 	/System/Library/Frameworks/Accelerate.framework/Versions/A/Frameworks/vecLib.framework/Versions/A/libLinearAlgebra.dylib
0x0000000005387000 	/System/Library/Frameworks/ApplicationServices.framework/Versions/A/Frameworks/ATS.framework/Versions/A/Resources/libFontParser.dylib
0x0000000005387000 	/System/Library/Frameworks/ApplicationServices.framework/Versions/A/Frameworks/ATS.framework/Versions/A/Resources/libFontRegistry.dylib
0x0000000005387000 	/System/Library/PrivateFrameworks/AppleVPA.framework/Versions/A/AppleVPA
0x0000000005387000 	/System/Library/PrivateFrameworks/AppleJPEG.framework/Versions/A/AppleJPEG
0x0000000005387000 	/System/Library/Frameworks/ImageIO.framework/Versions/A/Resources/libJPEG.dylib
0x0000000005387000 	/System/Library/Frameworks/ImageIO.framework/Versions/A/Resources/libTIFF.dylib
0x0000000005387000 	/System/Library/Frameworks/ImageIO.framework/Versions/A/Resources/libPng.dylib
0x0000000005387000 	/System/Library/Frameworks/ImageIO.framework/Versions/A/Resources/libGIF.dylib
0x0000000005387000 	/System/Library/Frameworks/ImageIO.framework/Versions/A/Resources/libJP2.dylib
0x0000000005387000 	/System/Library/Frameworks/ImageIO.framework/Versions/A/Resources/libRadiance.dylib
0x0000000005387000 	/System/Library/Frameworks/CoreVideo.framework/Versions/A/CoreVideo
0x0000000005387000 	/System/Library/Frameworks/OpenGL.framework/Versions/A/Libraries/libGLU.dylib
0x0000000005387000 	/System/Library/Frameworks/OpenGL.framework/Versions/A/Libraries/libGFXShared.dylib
0x0000000005387000 	/System/Library/Frameworks/OpenGL.framework/Versions/A/Libraries/libGL.dylib
0x0000000005387000 	/System/Library/Frameworks/OpenGL.framework/Versions/A/Libraries/libGLImage.dylib
0x0000000005387000 	/System/Library/Frameworks/OpenGL.framework/Versions/A/Libraries/libCVMSPluginSupport.dylib
0x0000000005387000 	/System/Library/Frameworks/OpenGL.framework/Versions/A/Libraries/libCoreVMClient.dylib
0x0000000005387000 	/usr/lib/libcups.2.dylib
0x0000000005387000 	/System/Library/Frameworks/Kerberos.framework/Versions/A/Kerberos
0x0000000005387000 	/System/Library/Frameworks/GSS.framework/Versions/A/GSS
0x0000000005387000 	/usr/lib/libresolv.9.dylib
0x0000000005387000 	/usr/lib/libiconv.2.dylib
0x0000000005387000 	/System/Library/PrivateFrameworks/Heimdal.framework/Versions/A/Heimdal
0x0000000005387000 	/usr/lib/libheimdal-asn1.dylib
0x0000000005387000 	/System/Library/Frameworks/OpenDirectory.framework/Versions/A/OpenDirectory
0x0000000005387000 	/System/Library/PrivateFrameworks/CommonAuth.framework/Versions/A/CommonAuth
0x0000000005387000 	/System/Library/Frameworks/OpenDirectory.framework/Versions/A/Frameworks/CFOpenDirectory.framework/Versions/A/CFOpenDirectory
0x0000000005387000 	/System/Library/Frameworks/SecurityFoundation.framework/Versions/A/SecurityFoundation
0x0000000005387000 	/System/Library/PrivateFrameworks/LanguageModeling.framework/Versions/A/LanguageModeling
0x0000000005387000 	/usr/lib/libcmph.dylib
0x0000000005387000 	/System/Library/Frameworks/ServiceManagement.framework/Versions/A/ServiceManagement
0x0000000005387000 	/usr/lib/libxslt.1.dylib
0x0000000005387000 	/System/Library/Frameworks/Carbon.framework/Versions/A/Frameworks/Ink.framework/Versions/A/Ink
0x0000000005387000 	/System/Library/Frameworks/QuartzCore.framework/Versions/A/Frameworks/CoreImage.framework/Versions/A/CoreImage
0x0000000005387000 	/System/Library/PrivateFrameworks/CrashReporterSupport.framework/Versions/A/CrashReporterSupport
0x0000000005387000 	/System/Library/Frameworks/OpenCL.framework/Versions/A/OpenCL
0x0000000005387000 	/System/Library/PrivateFrameworks/FaceCore.framework/Versions/A/FaceCore
0x0000000005387000 	/System/Library/PrivateFrameworks/Ubiquity.framework/Versions/A/Ubiquity
0x0000000005387000 	/System/Library/PrivateFrameworks/IconServices.framework/Versions/A/IconServices
0x0000000005387000 	/System/Library/PrivateFrameworks/ChunkingLibrary.framework/Versions/A/ChunkingLibrary
0x0000000005387000 	/System/Library/PrivateFrameworks/Apple80211.framework/Versions/A/Apple80211
0x0000000005387000 	/System/Library/Frameworks/CoreWLAN.framework/Versions/A/CoreWLAN
0x0000000005387000 	/System/Library/Frameworks/IOBluetooth.framework/Versions/A/IOBluetooth
0x0000000005387000 	/System/Library/PrivateFrameworks/CoreWiFi.framework/Versions/A/CoreWiFi
0x0000000005387000 	/System/Library/Frameworks/CoreBluetooth.framework/Versions/A/CoreBluetooth
0x0000000005387000 	/System/Library/PrivateFrameworks/DebugSymbols.framework/Versions/A/DebugSymbols
0x0000000005387000 	/System/Library/PrivateFrameworks/CoreSymbolication.framework/Versions/A/CoreSymbolication
0x0000000005387000 	/System/Library/PrivateFrameworks/Symbolication.framework/Versions/A/Symbolication
0x0000000005387000 	/System/Library/PrivateFrameworks/SpeechRecognitionCore.framework/Versions/A/SpeechRecognitionCore
0x0000000107ba1000 	/System/Library/CoreServices/Encodings/libTraditionalChineseConverter.dylib
0x0000000108600000 	/Library/Java/JavaVirtualMachines/jdk1.7.0_75.jdk/Contents/Home/jre/lib/server/libjvm.dylib
0x0000000005387000 	/usr/lib/libstdc++.6.dylib
0x0000000107d84000 	/Library/Java/JavaVirtualMachines/jdk1.7.0_75.jdk/Contents/Home/jre/lib/libverify.dylib
0x0000000107d91000 	/Library/Java/JavaVirtualMachines/jdk1.7.0_75.jdk/Contents/Home/jre/lib/libjava.dylib
0x0000000107dcb000 	/Library/Java/JavaVirtualMachines/jdk1.7.0_75.jdk/Contents/Home/jre/lib/libzip.dylib
0x00000001109c4000 	/System/Library/Frameworks/JavaVM.framework/Frameworks/JavaRuntimeSupport.framework/JavaRuntimeSupport
0x00000001109dc000 	/System/Library/Frameworks/JavaVM.framework/Versions/A/Frameworks/JavaNativeFoundation.framework/Versions/A/JavaNativeFoundation
0x0000000107dee000 	/System/Library/Frameworks/JavaVM.framework/Versions/A/JavaVM
0x0000000005387000 	/System/Library/Frameworks/Carbon.framework/Versions/A/Carbon
0x00000001109f1000 	/System/Library/PrivateFrameworks/JavaLaunching.framework/Versions/A/JavaLaunching
0x0000000005387000 	/System/Library/Frameworks/Carbon.framework/Versions/A/Frameworks/CommonPanels.framework/Versions/A/CommonPanels
0x0000000005387000 	/System/Library/Frameworks/Carbon.framework/Versions/A/Frameworks/Help.framework/Versions/A/Help
0x0000000005387000 	/System/Library/Frameworks/Carbon.framework/Versions/A/Frameworks/ImageCapture.framework/Versions/A/ImageCapture
0x0000000005387000 	/System/Library/Frameworks/Carbon.framework/Versions/A/Frameworks/OpenScripting.framework/Versions/A/OpenScripting
0x0000000005387000 	/System/Library/Frameworks/Carbon.framework/Versions/A/Frameworks/Print.framework/Versions/A/Print
0x0000000005387000 	/System/Library/Frameworks/Carbon.framework/Versions/A/Frameworks/SecurityHI.framework/Versions/A/SecurityHI
0x0000000112958000 	/Library/Java/JavaVirtualMachines/jdk1.7.0_75.jdk/Contents/Home/jre/lib/libnet.dylib
0x00000001129b6000 	/Library/Java/JavaVirtualMachines/jdk1.7.0_75.jdk/Contents/Home/jre/lib/libnio.dylib
0x00000001129c5000 	/Users/LeongHouHeng/.gradle/native/19/osx-amd64/libnative-platform.dylib
0x00000001109fd000 	/Library/Java/JavaVirtualMachines/jdk1.7.0_75.jdk/Contents/Home/jre/lib/libmanagement.dylib
0x0000000113c30000 	/Library/Java/JavaVirtualMachines/jdk1.7.0_75.jdk/Contents/Home/jre/lib/libsunec.dylib

VM Arguments:
jvm_args: -XX:MaxPermSize=256m -XX:+HeapDumpOnOutOfMemoryError -Xmx1024m -Dfile.encoding=UTF-8 -Duser.country=TW -Duser.language=zh -Duser.variant 
java_command: org.gradle.launcher.daemon.bootstrap.GradleDaemon 2.4 /Users/LeongHouHeng/.gradle /Users/LeongHouHeng/.gradle/daemon 10800000 2e76aefd-8d3d-4495-a7f5-3fc9e797d338 -XX:MaxPermSize=256m -XX:+HeapDumpOnOutOfMemoryError -Xmx1024m -Dfile.encoding=UTF-8 -Duser.country=TW -Duser.language=zh -Duser.variant
Launcher Type: SUN_STANDARD

Environment Variables:
PATH=/usr/bin:/bin:/usr/sbin:/sbin
SHELL=/bin/bash
DISPLAY=/private/tmp/com.apple.launchd.jSjbtDFnVA/org.macosforge.xquartz:0

Signal Handlers:
SIGSEGV: [libjvm.dylib+0x52d20d], sa_mask[0]=0xfffefeff, sa_flags=0x00000043
SIGBUS: [libjvm.dylib+0x52d20d], sa_mask[0]=0xfffefeff, sa_flags=0x00000042
SIGFPE: [libjvm.dylib+0x41ee7a], sa_mask[0]=0xfffefeff, sa_flags=0x00000042
SIGPIPE: [libjvm.dylib+0x41ee7a], sa_mask[0]=0xfffefeff, sa_flags=0x00000042
SIGXFSZ: [libjvm.dylib+0x41ee7a], sa_mask[0]=0xfffefeff, sa_flags=0x00000042
SIGILL: [libjvm.dylib+0x41ee7a], sa_mask[0]=0xfffefeff, sa_flags=0x00000042
SIGUSR1: SIG_DFL, sa_mask[0]=0x00000000, sa_flags=0x00000000
SIGUSR2: [libjvm.dylib+0x41e96c], sa_mask[0]=0x00000004, sa_flags=0x00000042
SIGHUP: [libjvm.dylib+0x41cbfd], sa_mask[0]=0xfffefeff, sa_flags=0x00000042
SIGINT: [libjvm.dylib+0x41cbfd], sa_mask[0]=0xfffefeff, sa_flags=0x00000042
SIGTERM: [libjvm.dylib+0x41cbfd], sa_mask[0]=0xfffefeff, sa_flags=0x00000042
SIGQUIT: [libjvm.dylib+0x41cbfd], sa_mask[0]=0xfffefeff, sa_flags=0x00000042


---------------  S Y S T E M  ---------------

OS:Bsduname:Darwin 14.1.0 Darwin Kernel Version 14.1.0: Mon Dec 22 23:10:38 PST 2014; root:xnu-2782.10.72~2/RELEASE_X86_64 x86_64
rlimit: STACK 8192k, CORE 0k, NPROC 709, NOFILE 10240, AS infinity
load average:2.62 2.53 2.53

CPU:total 4 (2 cores per cpu, 2 threads per core) family 6 model 69 stepping 1, cmov, cx8, fxsr, mmx, sse, sse2, sse3, ssse3, sse4.1, sse4.2, popcnt, avx, avx2, aes, erms, ht, tsc, tscinvbit

Memory: 4k page, physical 8388608k(2097152k free)

/proc/meminfo:


vm_info: Java HotSpot(TM) 64-Bit Server VM (24.75-b04) for bsd-amd64 JRE (1.7.0_75-b13), built on Dec 18 2014 21:48:12 by "java_re" with gcc 4.2.1 (Based on Apple Inc. build 5658) (LLVM build 2336.11.00)

time: Mon Oct 26 17:16:28 2015
elapsed time: 67060 seconds

