#
# A fatal error has been detected by the Java Runtime Environment:
#
#  SIGBUS (0xa) at pc=0x00000001017970b7, pid=39805, tid=29247
#
# JRE version: Java(TM) SE Runtime Environment (7.0_75-b13) (build 1.7.0_75-b13)
# Java VM: Java HotSpot(TM) 64-Bit Server VM (24.75-b04 mixed mode bsd-amd64 compressed oops)
# Problematic frame:
# C  [libzip.dylib+0x30b7]  newEntry+0x154
#
# Failed to write core dump. Core dumps have been disabled. To enable core dumping, try "ulimit -c unlimited" before starting Java again
#
# If you would like to submit a bug report, please visit:
#   http://bugreport.sun.com/bugreport/crash.jsp
# The crash happened outside the Java Virtual Machine in native code.
# See problematic frame for where to report the bug.
#

---------------  T H R E A D  ---------------

Current thread (0x00007f9df4c10800):  JavaThread "Daemon worker Thread 15" [_thread_in_native, id=29247, stack(0x000000010bf2b000,0x000000010c02b000)]

siginfo:si_signo=SIGBUS: si_errno=0, si_code=2 (BUS_ADRERR), si_addr=0x000000010b0233a3

Registers:
RAX=0x00007f9df3096cc0, RBX=0x000000010b023397, RCX=0x0000000000000001, RDX=0x0000000000000908
RSP=0x000000010c0273c0, RBP=0x000000010c027420, RSI=0x00007f9df3200000, RDI=0x00000001002d7a00
R8 =0x0000000000000004, R9 =0x00000000ffff0000, R10=0x0000000063d770ac, R11=0x00007f9df3200000
R12=0x0000000000000290, R13=0x00007f9df30964d0, R14=0x00007f9df3096cc0, R15=0x00007f9df335e3a0
RIP=0x00000001017970b7, EFLAGS=0x0000000000010202, ERR=0x0000000000000004
  TRAPNO=0x000000000000000e

Top of Stack: (sp=0x000000010c0273c0)
0x000000010c0273c0:   00000000b366ea68 00000000f4c10800
0x000000010c0273d0:   000000010c02741e 00000001b366f0e0
0x000000010c0273e0:   000000010c027400 00007f9df3096cc0
0x000000010c0273f0:   00007f9df329c0b0 000000009141967c
0x000000010c027400:   0000000000000290 00007f9df30964d0
0x000000010c027410:   00007f9df3096cc0 00007f9df335e3a0
0x000000010c027420:   000000010c027470 0000000101797725
0x000000010c027430:   000000000000003a 0000003af4c10800
0x000000010c027440:   000000010c02748e 000000010c0278d8
0x000000010c027450:   000000000000003a 000000010c02748e
0x000000010c027460:   00007f9df3096cc0 00007f9df4c109e8
0x000000010c027470:   000000010c0278c0 0000000101796570
0x000000010c027480:   00000007b00010d0 454d000700000001
0x000000010c027490:   672f464e492d4154 6c702d656c646172
0x000000010c0274a0:   6f632f736e696775 696f72646e612e6d
0x000000010c0274b0:   63696c7070612e64 72702e6e6f697461
0x000000010c0274c0:   736569747265706f 0000000000000000
0x000000010c0274d0:   000000010c027510 00000007ecbb5ba8
0x000000010c0274e0:   000000010c027510 0000000100da92d9
0x000000010c0274f0:   30665f6400000000 6a61346700000000
0x000000010c027500:   0000000000000001 000000000000000a
0x000000010c027510:   000000010c027580 0000000100da87e0
0x000000010c027520:   6c756c6c00000000 00007f9df4c10800
0x000000010c027530:   00007f9df3360240 00007f9df3360c80
0x000000010c027540:   000000010c0275a0 0000000100c991ea
0x000000010c027550:   00000000000003d8 000000010c027900
0x000000010c027560:   0000000000000000 0000000000000000
0x000000010c027570:   0000000000000001 00000000029ca408
0x000000010c027580:   000000010c0275a0 0000000000006f6c
0x000000010c027590:   00000007ecbb5bf8 0000000000006f6c
0x000000010c0275a0:   000000010c027600 0000000100da8a7b
0x000000010c0275b0:   0000000000000017 0000000101843676 

Instructions: (pc=0x00000001017970b7)
0x0000000101797097:   49 8b 7f 38 e8 9c 1a 00 00 4d 89 77 38 49 89 5f
0x00000001017970a7:   40 4c 89 f0 48 85 c0 0f 84 16 05 00 00 48 89 c3
0x00000001017970b7:   0f b6 43 0c 0f b6 4b 0d 48 c1 e1 08 48 01 c1 0f
0x00000001017970c7:   b6 43 0e 0f b6 53 0f 48 c1 e2 08 48 01 c2 48 c1 

Register to memory mapping:

RAX=0x00007f9df3096cc0 is an unknown value
RBX=0x000000010b023397 is an unknown value
RCX=0x0000000000000001 is an unknown value
RDX=0x0000000000000908 is an unknown value
RSP=0x000000010c0273c0 is pointing into the stack for thread: 0x00007f9df4c10800
RBP=0x000000010c027420 is pointing into the stack for thread: 0x00007f9df4c10800
RSI=0x00007f9df3200000 is an unknown value
RDI=0x00000001002d7a00 is an unknown value
R8 =0x0000000000000004 is an unknown value
R9 =0x00000000ffff0000 is an unknown value
R10=0x0000000063d770ac is an unknown value
R11=0x00007f9df3200000 is an unknown value
R12=0x0000000000000290 is an unknown value
R13=0x00007f9df30964d0 is an unknown value
R14=0x00007f9df3096cc0 is an unknown value
R15=0x00007f9df335e3a0 is an unknown value


Stack: [0x000000010bf2b000,0x000000010c02b000],  sp=0x000000010c0273c0,  free space=1008k
Native frames: (J=compiled Java code, j=interpreted, Vv=VM code, C=native code)
C  [libzip.dylib+0x30b7]  newEntry+0x154
C  [libzip.dylib+0x3725]  ZIP_GetEntry+0xa2
C  [libzip.dylib+0x2570]  Java_java_util_zip_ZipFile_getEntry+0xdd
J 65  java.util.zip.ZipFile.getEntry(J[BZ)J (0 bytes) @ 0x000000010181340e [0x0000000101813340+0xce]

Java frames: (J=compiled Java code, j=interpreted, Vv=VM code)
J 65  java.util.zip.ZipFile.getEntry(J[BZ)J (0 bytes) @ 0x0000000101813398 [0x0000000101813340+0x58]
J 181 C2 java.util.zip.ZipFile.getEntry(Ljava/lang/String;)Ljava/util/zip/ZipEntry; (86 bytes) @ 0x00000001018682d8 [0x0000000101868200+0xd8]
J 266 C2 sun.misc.URLClassPath$JarLoader.getResource(Ljava/lang/String;Z)Lsun/misc/Resource; (91 bytes) @ 0x00000001019938ac [0x0000000101993820+0x8c]
J 2831 C2 java.net.URLClassLoader$2.run()Ljava/lang/Object; (5 bytes) @ 0x0000000101be6da4 [0x0000000101be6d00+0xa4]
v  ~StubRoutines::call_stub
j  java.security.AccessController.doPrivileged(Ljava/security/PrivilegedAction;Ljava/security/AccessControlContext;)Ljava/lang/Object;+0
j  java.net.URLClassLoader.findResource(Ljava/lang/String;)Ljava/net/URL;+13
j  java.lang.ClassLoader.getResource(Ljava/lang/String;)Ljava/net/URL;+30
j  org.gradle.api.internal.plugins.ClassloaderBackedPluginDescriptorLocator.findPluginDescriptor(Ljava/lang/String;)Lorg/gradle/api/internal/plugins/PluginDescriptor;+17
j  org.gradle.api.internal.plugins.DefaultPluginRegistry$1.load(Lorg/gradle/api/internal/plugins/DefaultPluginRegistry$PluginIdLookupCacheKey;)Lcom/google/common/base/Optional;+26
j  org.gradle.api.internal.plugins.DefaultPluginRegistry$1.load(Ljava/lang/Object;)Ljava/lang/Object;+5
j  com.google.common.cache.LocalCache$LoadingValueReference.loadFuture(Ljava/lang/Object;Lcom/google/common/cache/CacheLoader;)Lcom/google/common/util/concurrent/ListenableFuture;+24
j  com.google.common.cache.LocalCache$Segment.loadSync(Ljava/lang/Object;ILcom/google/common/cache/LocalCache$LoadingValueReference;Lcom/google/common/cache/CacheLoader;)Ljava/lang/Object;+4
j  com.google.common.cache.LocalCache$Segment.lockedGetOrLoad(Ljava/lang/Object;ILcom/google/common/cache/CacheLoader;)Ljava/lang/Object;+379
j  com.google.common.cache.LocalCache$Segment.get(Ljava/lang/Object;ILcom/google/common/cache/CacheLoader;)Ljava/lang/Object;+138
j  com.google.common.cache.LocalCache.get(Ljava/lang/Object;Lcom/google/common/cache/CacheLoader;)Ljava/lang/Object;+17
j  com.google.common.cache.LocalCache.getOrLoad(Ljava/lang/Object;)Ljava/lang/Object;+6
j  com.google.common.cache.LocalCache$LocalLoadingCache.get(Ljava/lang/Object;)Ljava/lang/Object;+5
j  org.gradle.api.internal.plugins.DefaultPluginRegistry.uncheckedGet(Lcom/google/common/cache/LoadingCache;Ljava/lang/Object;)Ljava/lang/Object;+2
j  org.gradle.api.internal.plugins.DefaultPluginRegistry.lookup(Lorg/gradle/plugin/internal/PluginId;Ljava/lang/ClassLoader;)Lorg/gradle/api/internal/plugins/PluginImplementation;+61
j  org.gradle.api.internal.plugins.DefaultPluginRegistry.lookup(Lorg/gradle/plugin/internal/PluginId;)Lorg/gradle/api/internal/plugins/PluginImplementation;+35
j  org.gradle.api.internal.plugins.DefaultPluginManager.apply(Ljava/lang/String;)V+8
j  org.gradle.api.internal.plugins.DefaultObjectConfigurationAction.applyType(Ljava/lang/String;)V+43
j  org.gradle.api.internal.plugins.DefaultObjectConfigurationAction.access$200(Lorg/gradle/api/internal/plugins/DefaultObjectConfigurationAction;Ljava/lang/String;)V+2
j  org.gradle.api.internal.plugins.DefaultObjectConfigurationAction$3.run()V+8
j  org.gradle.api.internal.plugins.DefaultObjectConfigurationAction.execute()V+58
j  org.gradle.api.internal.project.AbstractPluginAware.apply(Ljava/util/Map;)V+12
j  org.gradle.api.plugins.PluginAware$apply.call(Ljava/lang/Object;Ljava/lang/Object;)Ljava/lang/Object;+17
j  org.gradle.api.internal.project.ProjectScript.apply(Ljava/util/Map;)V+19
j  org.gradle.api.Script$apply$0.callCurrent(Lgroovy/lang/GroovyObject;Ljava/lang/Object;)Ljava/lang/Object;+17
j  build_f0va6ig4ajbci1vu3wssq1grt.run()Ljava/lang/Object;+26
j  org.gradle.groovy.scripts.internal.DefaultScriptRunnerFactory$ScriptRunnerImpl.run()V+48
j  org.gradle.configuration.DefaultScriptPluginFactory$ScriptPluginImpl$1.run()V+62
j  org.gradle.configuration.DefaultScriptPluginFactory$ScriptPluginImpl.apply(Ljava/lang/Object;)V+504
j  org.gradle.configuration.project.BuildScriptProcessor.execute(Lorg/gradle/api/internal/project/ProjectInternal;)V+85
j  org.gradle.configuration.project.BuildScriptProcessor.execute(Ljava/lang/Object;)V+5
j  org.gradle.configuration.project.ConfigureActionsProjectEvaluator.evaluate(Lorg/gradle/api/internal/project/ProjectInternal;Lorg/gradle/api/internal/project/ProjectStateInternal;)V+33
j  org.gradle.configuration.project.LifecycleProjectEvaluator.evaluate(Lorg/gradle/api/internal/project/ProjectInternal;Lorg/gradle/api/internal/project/ProjectStateInternal;)V+54
j  org.gradle.api.internal.project.AbstractProject.evaluate()Lorg/gradle/api/internal/project/AbstractProject;+9
j  org.gradle.api.internal.project.AbstractProject.evaluate()Lorg/gradle/api/Project;+1
j  org.gradle.execution.TaskPathProjectEvaluator.configure(Lorg/gradle/api/internal/project/ProjectInternal;)V+21
j  org.gradle.execution.TaskSelector.getSelection(Ljava/lang/String;Lorg/gradle/api/internal/project/ProjectInternal;)Lorg/gradle/execution/TaskSelector$TaskSelection;+29
j  org.gradle.execution.TaskSelector.getSelection(Ljava/lang/String;Ljava/lang/String;)Lorg/gradle/execution/TaskSelector$TaskSelection;+35
j  org.gradle.execution.commandline.CommandLineTaskParser.parseTasks(Lorg/gradle/TaskExecutionRequest;)Ljava/util/List;+51
j  org.gradle.execution.TaskNameResolvingBuildConfigurationAction.configure(Lorg/gradle/execution/BuildExecutionContext;)V+62
j  org.gradle.execution.DefaultBuildExecuter.configure(I)V+36
j  org.gradle.execution.DefaultBuildExecuter.access$100(Lorg/gradle/execution/DefaultBuildExecuter;I)V+2
j  org.gradle.execution.DefaultBuildExecuter$1.proceed()V+10
j  org.gradle.execution.ExcludedTaskFilteringBuildConfigurationAction.configure(Lorg/gradle/execution/BuildExecutionContext;)V+102
j  org.gradle.execution.DefaultBuildExecuter.configure(I)V+36
j  org.gradle.execution.DefaultBuildExecuter.access$100(Lorg/gradle/execution/DefaultBuildExecuter;I)V+2
j  org.gradle.execution.DefaultBuildExecuter$1.proceed()V+10
j  org.gradle.execution.DefaultTasksBuildExecutionAction.configure(Lorg/gradle/execution/BuildExecutionContext;)V+58
j  org.gradle.execution.DefaultBuildExecuter.configure(I)V+36
j  org.gradle.execution.DefaultBuildExecuter.select(Lorg/gradle/api/internal/GradleInternal;)V+7
j  org.gradle.initialization.DefaultGradleLauncher.doBuildStages(Lorg/gradle/initialization/DefaultGradleLauncher$Stage;)V+147
j  org.gradle.initialization.DefaultGradleLauncher.doBuild(Lorg/gradle/initialization/DefaultGradleLauncher$Stage;)Lorg/gradle/BuildResult;+27
j  org.gradle.initialization.DefaultGradleLauncher.run()Lorg/gradle/BuildResult;+4
j  org.gradle.launcher.exec.InProcessBuildActionExecuter$DefaultBuildController.run()Lorg/gradle/api/internal/GradleInternal;+5
j  org.gradle.tooling.internal.provider.runner.BuildModelActionRunner.run(Lorg/gradle/internal/invocation/BuildAction;Lorg/gradle/internal/invocation/BuildController;)V+72
j  org.gradle.launcher.exec.ChainingBuildActionRunner.run(Lorg/gradle/internal/invocation/BuildAction;Lorg/gradle/internal/invocation/BuildController;)V+34
j  org.gradle.launcher.exec.InProcessBuildActionExecuter.execute(Lorg/gradle/internal/invocation/BuildAction;Lorg/gradle/initialization/BuildRequestContext;Lorg/gradle/launcher/exec/BuildActionParameters;)Ljava/lang/Object;+39
j  org.gradle.launcher.exec.InProcessBuildActionExecuter.execute(Lorg/gradle/internal/invocation/BuildAction;Lorg/gradle/initialization/BuildRequestContext;Ljava/lang/Object;)Ljava/lang/Object;+7
j  org.gradle.launcher.daemon.server.exec.ExecuteBuild.doBuild(Lorg/gradle/launcher/daemon/server/api/DaemonCommandExecution;Lorg/gradle/launcher/daemon/protocol/Build;)V+70
j  org.gradle.launcher.daemon.server.exec.BuildCommandOnly.execute(Lorg/gradle/launcher/daemon/server/api/DaemonCommandExecution;)V+49
j  org.gradle.launcher.daemon.server.api.DaemonCommandExecution.proceed()Z+28
j  org.gradle.launcher.daemon.server.exec.WatchForDisconnection.execute(Lorg/gradle/launcher/daemon/server/api/DaemonCommandExecution;)V+19
j  org.gradle.launcher.daemon.server.api.DaemonCommandExecution.proceed()Z+28
j  org.gradle.launcher.daemon.server.exec.ResetDeprecationLogger.execute(Lorg/gradle/launcher/daemon/server/api/DaemonCommandExecution;)V+4
j  org.gradle.launcher.daemon.server.api.DaemonCommandExecution.proceed()Z+28
j  org.gradle.launcher.daemon.server.exec.RequestStopIfSingleUsedDaemon.execute(Lorg/gradle/launcher/daemon/server/api/DaemonCommandExecution;)V+31
j  org.gradle.launcher.daemon.server.api.DaemonCommandExecution.proceed()Z+28
j  org.gradle.launcher.daemon.server.exec.ForwardClientInput$2.call()Ljava/lang/Void;+4
j  org.gradle.launcher.daemon.server.exec.ForwardClientInput$2.call()Ljava/lang/Object;+1
j  org.gradle.util.Swapper.swap(Ljava/lang/Object;Ljava/util/concurrent/Callable;)Ljava/lang/Object;+21
j  org.gradle.launcher.daemon.server.exec.ForwardClientInput.execute(Lorg/gradle/launcher/daemon/server/api/DaemonCommandExecution;)V+63
j  org.gradle.launcher.daemon.server.api.DaemonCommandExecution.proceed()Z+28
j  org.gradle.launcher.daemon.server.health.DaemonHealthTracker.execute(Lorg/gradle/launcher/daemon/server/api/DaemonCommandExecution;)V+35
j  org.gradle.launcher.daemon.server.api.DaemonCommandExecution.proceed()Z+28
j  org.gradle.launcher.daemon.server.exec.LogToClient.doBuild(Lorg/gradle/launcher/daemon/server/api/DaemonCommandExecution;Lorg/gradle/launcher/daemon/protocol/Build;)V+106
j  org.gradle.launcher.daemon.server.exec.BuildCommandOnly.execute(Lorg/gradle/launcher/daemon/server/api/DaemonCommandExecution;)V+49
j  org.gradle.launcher.daemon.server.api.DaemonCommandExecution.proceed()Z+28
j  org.gradle.launcher.daemon.server.exec.EstablishBuildEnvironment.doBuild(Lorg/gradle/launcher/daemon/server/api/DaemonCommandExecution;Lorg/gradle/launcher/daemon/protocol/Build;)V+243
j  org.gradle.launcher.daemon.server.exec.BuildCommandOnly.execute(Lorg/gradle/launcher/daemon/server/api/DaemonCommandExecution;)V+49
j  org.gradle.launcher.daemon.server.api.DaemonCommandExecution.proceed()Z+28
j  org.gradle.launcher.daemon.server.health.HintGCAfterBuild.execute(Lorg/gradle/launcher/daemon/server/api/DaemonCommandExecution;)V+1
j  org.gradle.launcher.daemon.server.api.DaemonCommandExecution.proceed()Z+28
j  org.gradle.launcher.daemon.server.exec.StartBuildOrRespondWithBusy$1.run()V+44
j  org.gradle.launcher.daemon.server.DaemonStateCoordinator$1.run()V+4
j  org.gradle.internal.concurrent.ExecutorPolicy$CatchAndRecordFailures.onExecute(Ljava/lang/Runnable;)V+1
j  org.gradle.internal.concurrent.StoppableExecutorImpl$1.run()V+25
j  java.util.concurrent.ThreadPoolExecutor.runWorker(Ljava/util/concurrent/ThreadPoolExecutor$Worker;)V+95
j  java.util.concurrent.ThreadPoolExecutor$Worker.run()V+5
j  java.lang.Thread.run()V+11
v  ~StubRoutines::call_stub

---------------  P R O C E S S  ---------------

Java Threads: ( => current thread )
  0x00007f9df53f3000 JavaThread "Stdin handler" [_thread_blocked, id=43643, stack(0x000000010c19c000,0x000000010c29c000)]
=>0x00007f9df4c10800 JavaThread "Daemon worker Thread 15" [_thread_in_native, id=29247, stack(0x000000010bf2b000,0x000000010c02b000)]
  0x00007f9df4d67800 JavaThread "Cancel handler" [_thread_blocked, id=31079, stack(0x000000010be28000,0x000000010bf28000)]
  0x00007f9df48c3000 JavaThread "Handler for socket connection from /127.0.0.1:59827 to /127.0.0.1:64033" [_thread_in_native, id=42043, stack(0x000000010b7c4000,0x000000010b8c4000)]
  0x00007f9df4857800 JavaThread "Daemon Thread 15" [_thread_blocked, id=19827, stack(0x000000010b634000,0x000000010b734000)]
  0x00007f9df11fa800 JavaThread "File lock request listener" [_thread_in_native, id=22531, stack(0x000000010bc44000,0x000000010bd44000)]
  0x00007f9df2aca000 JavaThread "Incoming local TCP Connector on port 59827" [_thread_in_native, id=18947, stack(0x000000010b531000,0x000000010b631000)]
  0x00007f9df1835000 JavaThread "Service Thread" daemon [_thread_blocked, id=17923, stack(0x000000010ac68000,0x000000010ad68000)]
  0x00007f9df1834800 JavaThread "C2 CompilerThread1" daemon [_thread_blocked, id=17411, stack(0x000000010ab65000,0x000000010ac65000)]
  0x00007f9df1832000 JavaThread "C2 CompilerThread0" daemon [_thread_blocked, id=16899, stack(0x000000010aa62000,0x000000010ab62000)]
  0x00007f9df101f000 JavaThread "Signal Dispatcher" daemon [_thread_blocked, id=13843, stack(0x000000010a95f000,0x000000010aa5f000)]
  0x00007f9df2821000 JavaThread "Finalizer" daemon [_thread_blocked, id=12035, stack(0x0000000109017000,0x0000000109117000)]
  0x00007f9df2820000 JavaThread "Reference Handler" daemon [_thread_blocked, id=11523, stack(0x0000000108f14000,0x0000000109014000)]
  0x00007f9df1006800 JavaThread "main" [_thread_blocked, id=5379, stack(0x0000000101662000,0x0000000101762000)]

Other Threads:
  0x00007f9df200d000 VMThread [stack: 0x0000000108e11000,0x0000000108f11000] [id=11011]
  0x00007f9df282e000 WatcherThread [stack: 0x000000010ad6b000,0x000000010ae6b000] [id=18435]

VM state:not at safepoint (normal execution)

VM Mutex/Monitor currently owned by a thread: None

Heap
 PSYoungGen      total 78336K, used 35397K [0x00000007eaa80000, 0x00000007f0e80000, 0x0000000800000000)
  eden space 76800K, 44% used [0x00000007eaa80000,0x00000007ecbed758,0x00000007ef580000)
  from space 1536K, 76% used [0x00000007ef800000,0x00000007ef924010,0x00000007ef980000)
  to   space 12800K, 0% used [0x00000007f0200000,0x00000007f0200000,0x00000007f0e80000)
 ParOldGen       total 87040K, used 64207K [0x00000007c0000000, 0x00000007c5500000, 0x00000007eaa80000)
  object space 87040K, 73% used [0x00000007c0000000,0x00000007c3eb3ed0,0x00000007c5500000)
 PSPermGen       total 73216K, used 58362K [0x00000007b0000000, 0x00000007b4780000, 0x00000007c0000000)
  object space 73216K, 79% used [0x00000007b0000000,0x00000007b38fe9a0,0x00000007b4780000)

Card table byte_map: [0x000000010485d000,0x0000000104ade000] byte_map_base: 0x0000000100add000

Polling page: 0x00000001003f2000

Code Cache  [0x000000010179d000, 0x000000010227d000, 0x000000010479d000)
 total_blobs=3542 nmethods=2874 adapters=620 free_code_cache=38175Kb largest_free_block=38971392

Compilation events (10 events):
Event: 4641.027 Thread 0x00007f9df1834800 3152             org.bouncycastle.asn1.ASN1Primitive::toASN1Primitive (2 bytes)
Event: 4641.027 Thread 0x00007f9df1832000 3153             org.bouncycastle.asn1.StreamUtil::calculateBodyLength (51 bytes)
Event: 4641.028 Thread 0x00007f9df1834800 nmethod 3152 0x000000010225b390 code [0x000000010225b4c0, 0x000000010225b518]
Event: 4641.029 Thread 0x00007f9df1832000 nmethod 3153 0x0000000102259550 code [0x0000000102259680, 0x0000000102259738]
Event: 84786.010 Thread 0x00007f9df1834800 3154             com.google.common.collect.Collections2::cast (5 bytes)
Event: 84786.013 Thread 0x00007f9df1834800 nmethod 3154 0x0000000102260fd0 code [0x0000000102261120, 0x00000001022611d8]
Event: 84786.103 Thread 0x00007f9df1832000 3155             org.gradle.api.internal.artifacts.ivyservice.ivyresolve.parser.PomReader::getDependencyData (104 bytes)
Event: 84786.387 Thread 0x00007f9df1832000 nmethod 3155 0x0000000102270750 code [0x00000001022709a0, 0x0000000102271ad0]
Event: 84787.430 Thread 0x00007f9df1834800 3156             java.util.Arrays::fill (28 bytes)
Event: 84787.432 Thread 0x00007f9df1834800 nmethod 3156 0x0000000102262650 code [0x00000001022627a0, 0x00000001022628f8]

GC Heap History (10 events):
Event: 4571.600 GC heap before
{Heap before GC invocations=65 (full 14):
 PSYoungGen      total 101888K, used 96766K [0x00000007eaa80000, 0x00000007f2000000, 0x0000000800000000)
  eden space 90624K, 100% used [0x00000007eaa80000,0x00000007f0300000,0x00000007f0300000)
  from space 11264K, 54% used [0x00000007f1500000,0x00000007f1aff910,0x00000007f2000000)
  to   space 14848K, 0% used [0x00000007f0300000,0x00000007f0300000,0x00000007f1180000)
 ParOldGen       total 87040K, used 50846K [0x00000007c0000000, 0x00000007c5500000, 0x00000007eaa80000)
  object space 87040K, 58% used [0x00000007c0000000,0x00000007c31a7b28,0x00000007c5500000)
 PSPermGen       total 73216K, used 58209K [0x00000007b0000000, 0x00000007b4780000, 0x00000007c0000000)
  object space 73216K, 79% used [0x00000007b0000000,0x00000007b38d8758,0x00000007b4780000)
Event: 4571.614 GC heap after
Heap after GC invocations=65 (full 14):
 PSYoungGen      total 91648K, used 3840K [0x00000007eaa80000, 0x00000007f1c00000, 0x0000000800000000)
  eden space 87552K, 0% used [0x00000007eaa80000,0x00000007eaa80000,0x00000007f0000000)
  from space 4096K, 93% used [0x00000007f0300000,0x00000007f06c0000,0x00000007f0700000)
  to   space 14336K, 0% used [0x00000007f0e00000,0x00000007f0e00000,0x00000007f1c00000)
 ParOldGen       total 87040K, used 55968K [0x00000007c0000000, 0x00000007c5500000, 0x00000007eaa80000)
  object space 87040K, 64% used [0x00000007c0000000,0x00000007c36a8340,0x00000007c5500000)
 PSPermGen       total 73216K, used 58209K [0x00000007b0000000, 0x00000007b4780000, 0x00000007c0000000)
  object space 73216K, 79% used [0x00000007b0000000,0x00000007b38d8758,0x00000007b4780000)
}
Event: 4581.030 GC heap before
{Heap before GC invocations=66 (full 14):
 PSYoungGen      total 91648K, used 91392K [0x00000007eaa80000, 0x00000007f1c00000, 0x0000000800000000)
  eden space 87552K, 100% used [0x00000007eaa80000,0x00000007f0000000,0x00000007f0000000)
  from space 4096K, 93% used [0x00000007f0300000,0x00000007f06c0000,0x00000007f0700000)
  to   space 14336K, 0% used [0x00000007f0e00000,0x00000007f0e00000,0x00000007f1c00000)
 ParOldGen       total 87040K, used 55968K [0x00000007c0000000, 0x00000007c5500000, 0x00000007eaa80000)
  object space 87040K, 64% used [0x00000007c0000000,0x00000007c36a8340,0x00000007c5500000)
 PSPermGen       total 73216K, used 58244K [0x00000007b0000000, 0x00000007b4780000, 0x00000007c0000000)
  object space 73216K, 79% used [0x00000007b0000000,0x00000007b38e1080,0x00000007b4780000)
Event: 4581.039 GC heap after
Heap after GC invocations=66 (full 14):
 PSYoungGen      total 94720K, used 1568K [0x00000007eaa80000, 0x00000007f1800000, 0x0000000800000000)
  eden space 84480K, 0% used [0x00000007eaa80000,0x00000007eaa80000,0x00000007efd00000)
  from space 10240K, 15% used [0x00000007f0e00000,0x00000007f0f88000,0x00000007f1800000)
  to   space 13824K, 0% used [0x00000007efd00000,0x00000007efd00000,0x00000007f0a80000)
 ParOldGen       total 87040K, used 57748K [0x00000007c0000000, 0x00000007c5500000, 0x00000007eaa80000)
  object space 87040K, 66% used [0x00000007c0000000,0x00000007c3865370,0x00000007c5500000)
 PSPermGen       total 73216K, used 58244K [0x00000007b0000000, 0x00000007b4780000, 0x00000007c0000000)
  object space 73216K, 79% used [0x00000007b0000000,0x00000007b38e1080,0x00000007b4780000)
}
Event: 4631.745 GC heap before
{Heap before GC invocations=67 (full 14):
 PSYoungGen      total 94720K, used 86048K [0x00000007eaa80000, 0x00000007f1800000, 0x0000000800000000)
  eden space 84480K, 100% used [0x00000007eaa80000,0x00000007efd00000,0x00000007efd00000)
  from space 10240K, 15% used [0x00000007f0e00000,0x00000007f0f88000,0x00000007f1800000)
  to   space 13824K, 0% used [0x00000007efd00000,0x00000007efd00000,0x00000007f0a80000)
 ParOldGen       total 87040K, used 57748K [0x00000007c0000000, 0x00000007c5500000, 0x00000007eaa80000)
  object space 87040K, 66% used [0x00000007c0000000,0x00000007c3865370,0x00000007c5500000)
 PSPermGen       total 73216K, used 58292K [0x00000007b0000000, 0x00000007b4780000, 0x00000007c0000000)
  object space 73216K, 79% used [0x00000007b0000000,0x00000007b38ed2e8,0x00000007b4780000)
Event: 4631.751 GC heap after
Heap after GC invocations=67 (full 14):
 PSYoungGen      total 87040K, used 4938K [0x00000007eaa80000, 0x00000007f1380000, 0x0000000800000000)
  eden space 81920K, 0% used [0x00000007eaa80000,0x00000007eaa80000,0x00000007efa80000)
  from space 5120K, 96% used [0x00000007efd00000,0x00000007f01d2a20,0x00000007f0200000)
  to   space 12800K, 0% used [0x00000007f0700000,0x00000007f0700000,0x00000007f1380000)
 ParOldGen       total 87040K, used 58185K [0x00000007c0000000, 0x00000007c5500000, 0x00000007eaa80000)
  object space 87040K, 66% used [0x00000007c0000000,0x00000007c38d26a8,0x00000007c5500000)
 PSPermGen       total 73216K, used 58292K [0x00000007b0000000, 0x00000007b4780000, 0x00000007c0000000)
  object space 73216K, 79% used [0x00000007b0000000,0x00000007b38ed2e8,0x00000007b4780000)
}
Event: 4632.350 GC heap before
{Heap before GC invocations=68 (full 14):
 PSYoungGen      total 87040K, used 86109K [0x00000007eaa80000, 0x00000007f1380000, 0x0000000800000000)
  eden space 81920K, 99% used [0x00000007eaa80000,0x00000007ef9c4a58,0x00000007efa80000)
  from space 5120K, 96% used [0x00000007efd00000,0x00000007f01d2a20,0x00000007f0200000)
  to   space 12800K, 0% used [0x00000007f0700000,0x00000007f0700000,0x00000007f1380000)
 ParOldGen       total 87040K, used 58185K [0x00000007c0000000, 0x00000007c5500000, 0x00000007eaa80000)
  object space 87040K, 66% used [0x00000007c0000000,0x00000007c38d26a8,0x00000007c5500000)
 PSPermGen       total 73216K, used 58301K [0x00000007b0000000, 0x00000007b4780000, 0x00000007c0000000)
  object space 73216K, 79% used [0x00000007b0000000,0x00000007b38ef598,0x00000007b4780000)
Event: 4632.364 GC heap after
Heap after GC invocations=68 (full 14):
 PSYoungGen      total 90624K, used 7182K [0x00000007eaa80000, 0x00000007f1200000, 0x0000000800000000)
  eden space 79360K, 0% used [0x00000007eaa80000,0x00000007eaa80000,0x00000007ef800000)
  from space 11264K, 63% used [0x00000007f0700000,0x00000007f0e038c0,0x00000007f1200000)
  to   space 13312K, 0% used [0x00000007ef800000,0x00000007ef800000,0x00000007f0500000)
 ParOldGen       total 87040K, used 62119K [0x00000007c0000000, 0x00000007c5500000, 0x00000007eaa80000)
  object space 87040K, 71% used [0x00000007c0000000,0x00000007c3ca9ed0,0x00000007c5500000)
 PSPermGen       total 73216K, used 58301K [0x00000007b0000000, 0x00000007b4780000, 0x00000007c0000000)
  object space 73216K, 79% used [0x00000007b0000000,0x00000007b38ef598,0x00000007b4780000)
}
Event: 84785.768 GC heap before
{Heap before GC invocations=69 (full 14):
 PSYoungGen      total 90624K, used 86542K [0x00000007eaa80000, 0x00000007f1200000, 0x0000000800000000)
  eden space 79360K, 100% used [0x00000007eaa80000,0x00000007ef800000,0x00000007ef800000)
  from space 11264K, 63% used [0x00000007f0700000,0x00000007f0e038c0,0x00000007f1200000)
  to   space 13312K, 0% used [0x00000007ef800000,0x00000007ef800000,0x00000007f0500000)
 ParOldGen       total 87040K, used 62119K [0x00000007c0000000, 0x00000007c5500000, 0x00000007eaa80000)
  object space 87040K, 71% used [0x00000007c0000000,0x00000007c3ca9ed0,0x00000007c5500000)
 PSPermGen       total 73216K, used 58344K [0x00000007b0000000, 0x00000007b4780000, 0x00000007c0000000)
  object space 73216K, 79% used [0x00000007b0000000,0x00000007b38fa3d0,0x00000007b4780000)
Event: 84785.955 GC heap after
Heap after GC invocations=69 (full 14):
 PSYoungGen      total 78336K, used 1168K [0x00000007eaa80000, 0x00000007f0e80000, 0x0000000800000000)
  eden space 76800K, 0% used [0x00000007eaa80000,0x00000007eaa80000,0x00000007ef580000)
  from space 1536K, 76% used [0x00000007ef800000,0x00000007ef924010,0x00000007ef980000)
  to   space 12800K, 0% used [0x00000007f0200000,0x00000007f0200000,0x00000007f0e80000)
 ParOldGen       total 87040K, used 64207K [0x00000007c0000000, 0x00000007c5500000, 0x00000007eaa80000)
  object space 87040K, 73% used [0x00000007c0000000,0x00000007c3eb3ed0,0x00000007c5500000)
 PSPermGen       total 73216K, used 58344K [0x00000007b0000000, 0x00000007b4780000, 0x00000007c0000000)
  object space 73216K, 79% used [0x00000007b0000000,0x00000007b38fa3d0,0x00000007b4780000)
}

Deoptimization events (10 events):
Event: 2571.014 Thread 0x00007f9df53f6000 Uncommon trap: reason=unreached action=reinterpret pc=0x0000000101afe6a8 method=com.android.ide.common.res2.DataMerger.mergeData(Lcom/android/ide/common/res2/MergeConsumer;Z)V @ 381
Event: 2575.369 Thread 0x00007f9df53f6000 Uncommon trap: reason=class_check action=maybe_recompile pc=0x0000000101fdb808 method=com.google.common.collect.StandardTable$CellIterator.hasNext()Z @ 16
Event: 3124.132 Thread 0x00007f9df3901000 Uncommon trap: reason=null_check action=make_not_entrant pc=0x00000001021617b0 method=sun.nio.cs.StreamDecoder.inReady()Z @ 21
Event: 3441.547 Thread 0x00007f9df4add800 Uncommon trap: reason=null_check action=make_not_entrant pc=0x000000010217cbb4 method=com.google.common.reflect.TypeResolver$TypeMappingIntrospector.visitClass(Ljava/lang/Class;)V @ 11
Event: 3718.785 Thread 0x00007f9df4a3d800 Uncommon trap: reason=range_check action=make_not_entrant pc=0x00000001021f88d4 method=java.text.SimpleDateFormat.format(Ljava/util/Date;Ljava/lang/StringBuffer;Ljava/text/Format$FieldDelegate;)Ljava/lang/StringBuffer; @ 48
Event: 4558.513 Thread 0x00007f9df1d07800 Uncommon trap: reason=bimorphic action=maybe_recompile pc=0x0000000101a8f458 method=java.lang.AbstractStringBuilder.append(Ljava/lang/CharSequence;II)Ljava/lang/AbstractStringBuilder; @ 18
Event: 4572.702 Thread 0x00007f9df1d07800 Uncommon trap: reason=class_check action=maybe_recompile pc=0x0000000101c8d074 method=com.sun.tools.javac.comp.Check.checkConflicts(Lcom/sun/tools/javac/util/JCDiagnostic$DiagnosticPosition;Lcom/sun/tools/javac/code/Symbol;Lcom/sun/tools/javac/code/Symbol
Event: 4631.563 Thread 0x00007f9df1d07800 Uncommon trap: reason=null_check action=make_not_entrant pc=0x00000001022512c0 method=org.gradle.api.internal.collections.CollectionFilter.filter(Ljava/lang/Object;)Ljava/lang/Object; @ 5
Event: 4632.490 Thread 0x00007f9df1d07800 Uncommon trap: reason=class_check action=maybe_recompile pc=0x0000000101c8d074 method=com.sun.tools.javac.comp.Check.checkConflicts(Lcom/sun/tools/javac/util/JCDiagnostic$DiagnosticPosition;Lcom/sun/tools/javac/code/Symbol;Lcom/sun/tools/javac/code/Symbol
Event: 4632.744 Thread 0x00007f9df1d07800 Uncommon trap: reason=class_check action=maybe_recompile pc=0x0000000101e785a0 method=org.gradle.api.internal.changedetection.state.DefaultFileCollectionSnapshotter$FileCollectionSnapshotImpl$2.next(Lorg/gradle/util/ChangeListener;)Z @ 136

Internal exceptions (10 events):
Event: 84785.983 Thread 0x00007f9df4c10800 Threw 0x00000007eaae1a28 at /HUDSON/workspace/7u-2-build-macosx-x86_64/jdk7u75/1940/hotspot/src/share/vm/prims/jvm.cpp:1281
Event: 84785.983 Thread 0x00007f9df4c10800 Threw 0x00000007eaae9cf0 at /HUDSON/workspace/7u-2-build-macosx-x86_64/jdk7u75/1940/hotspot/src/share/vm/prims/jvm.cpp:1281
Event: 84785.985 Thread 0x00007f9df4c10800 Threw 0x00000007eaaf6440 at /HUDSON/workspace/7u-2-build-macosx-x86_64/jdk7u75/1940/hotspot/src/share/vm/prims/jvm.cpp:1281
Event: 84785.992 Thread 0x00007f9df4c10800 Threw 0x00000007eaafd858 at /HUDSON/workspace/7u-2-build-macosx-x86_64/jdk7u75/1940/hotspot/src/share/vm/prims/jvm.cpp:1281
Event: 84785.992 Thread 0x00007f9df4c10800 Threw 0x00000007eaafe860 at /HUDSON/workspace/7u-2-build-macosx-x86_64/jdk7u75/1940/hotspot/src/share/vm/prims/jvm.cpp:1281
Event: 84785.993 Thread 0x00007f9df4c10800 Threw 0x00000007eab07790 at /HUDSON/workspace/7u-2-build-macosx-x86_64/jdk7u75/1940/hotspot/src/share/vm/prims/jvm.cpp:1281
Event: 84785.993 Thread 0x00007f9df4c10800 Threw 0x00000007eab0b578 at /HUDSON/workspace/7u-2-build-macosx-x86_64/jdk7u75/1940/hotspot/src/share/vm/prims/jvm.cpp:1281
Event: 84785.994 Thread 0x00007f9df4c10800 Threw 0x00000007eab12fa8 at /HUDSON/workspace/7u-2-build-macosx-x86_64/jdk7u75/1940/hotspot/src/share/vm/prims/jvm.cpp:1281
Event: 84785.994 Thread 0x00007f9df4c10800 Threw 0x00000007eab14238 at /HUDSON/workspace/7u-2-build-macosx-x86_64/jdk7u75/1940/hotspot/src/share/vm/prims/jvm.cpp:1281
Event: 84785.994 Thread 0x00007f9df4c10800 Threw 0x00000007eab1dc60 at /HUDSON/workspace/7u-2-build-macosx-x86_64/jdk7u75/1940/hotspot/src/share/vm/prims/jvm.cpp:1281

Events (10 events):
Event: 84785.983 loading class 0x00007f9df35019c0
Event: 84785.983 loading class 0x00007f9df35019c0 done
Event: 84785.985 loading class 0x00007f9df335dfe0
Event: 84785.985 loading class 0x00007f9df335dfe0 done
Event: 84785.992 loading class 0x00007f9df3297b40
Event: 84785.992 loading class 0x00007f9df3297b40 done
Event: 84785.993 loading class 0x00007f9df32987a0
Event: 84785.993 loading class 0x00007f9df32987a0 done
Event: 84785.994 loading class 0x00007f9df329c420
Event: 84785.994 loading class 0x00007f9df329c420 done


Dynamic libraries:
0x0000000005387000 	/System/Library/Frameworks/Cocoa.framework/Versions/A/Cocoa
0x0000000005387000 	/System/Library/Frameworks/Security.framework/Versions/A/Security
0x0000000005387000 	/System/Library/Frameworks/ApplicationServices.framework/Versions/A/ApplicationServices
0x0000000005387000 	/usr/lib/libz.1.dylib
0x0000000005387000 	/usr/lib/libSystem.B.dylib
0x0000000005387000 	/usr/lib/libobjc.A.dylib
0x0000000005387000 	/System/Library/Frameworks/CoreFoundation.framework/Versions/A/CoreFoundation
0x0000000005387000 	/System/Library/Frameworks/Foundation.framework/Versions/C/Foundation
0x0000000005387000 	/System/Library/Frameworks/AppKit.framework/Versions/C/AppKit
0x0000000005387000 	/System/Library/Frameworks/CoreData.framework/Versions/A/CoreData
0x0000000005387000 	/System/Library/PrivateFrameworks/RemoteViewServices.framework/Versions/A/RemoteViewServices
0x0000000005387000 	/System/Library/PrivateFrameworks/UIFoundation.framework/Versions/A/UIFoundation
0x0000000005387000 	/System/Library/Frameworks/IOSurface.framework/Versions/A/IOSurface
0x0000000005387000 	/System/Library/Frameworks/AudioToolbox.framework/Versions/A/AudioToolbox
0x0000000005387000 	/System/Library/Frameworks/AudioUnit.framework/Versions/A/AudioUnit
0x0000000005387000 	/System/Library/PrivateFrameworks/DataDetectorsCore.framework/Versions/A/DataDetectorsCore
0x0000000005387000 	/System/Library/PrivateFrameworks/DesktopServicesPriv.framework/Versions/A/DesktopServicesPriv
0x0000000005387000 	/System/Library/Frameworks/Carbon.framework/Versions/A/Frameworks/HIToolbox.framework/Versions/A/HIToolbox
0x0000000005387000 	/System/Library/Frameworks/QuartzCore.framework/Versions/A/QuartzCore
0x0000000005387000 	/System/Library/Frameworks/Carbon.framework/Versions/A/Frameworks/SpeechRecognition.framework/Versions/A/SpeechRecognition
0x0000000005387000 	/usr/lib/libauto.dylib
0x0000000005387000 	/usr/lib/libicucore.A.dylib
0x0000000005387000 	/usr/lib/libxml2.2.dylib
0x0000000005387000 	/System/Library/PrivateFrameworks/CoreUI.framework/Versions/A/CoreUI
0x0000000005387000 	/System/Library/Frameworks/CoreAudio.framework/Versions/A/CoreAudio
0x0000000005387000 	/System/Library/Frameworks/DiskArbitration.framework/Versions/A/DiskArbitration
0x0000000005387000 	/usr/lib/liblangid.dylib
0x0000000005387000 	/System/Library/PrivateFrameworks/MultitouchSupport.framework/Versions/A/MultitouchSupport
0x0000000005387000 	/System/Library/Frameworks/IOKit.framework/Versions/A/IOKit
0x0000000005387000 	/usr/lib/libDiagnosticMessagesClient.dylib
0x0000000005387000 	/System/Library/Frameworks/CoreServices.framework/Versions/A/CoreServices
0x0000000005387000 	/System/Library/PrivateFrameworks/PerformanceAnalysis.framework/Versions/A/PerformanceAnalysis
0x0000000005387000 	/System/Library/PrivateFrameworks/GenerationalStorage.framework/Versions/A/GenerationalStorage
0x0000000005387000 	/System/Library/Frameworks/OpenGL.framework/Versions/A/OpenGL
0x0000000005387000 	/System/Library/PrivateFrameworks/Sharing.framework/Versions/A/Sharing
0x0000000005387000 	/System/Library/Frameworks/CoreGraphics.framework/Versions/A/CoreGraphics
0x0000000005387000 	/System/Library/Frameworks/CoreText.framework/Versions/A/CoreText
0x0000000005387000 	/System/Library/Frameworks/ImageIO.framework/Versions/A/ImageIO
0x0000000005387000 	/usr/lib/libextension.dylib
0x0000000005387000 	/System/Library/PrivateFrameworks/Backup.framework/Versions/A/Backup
0x0000000005387000 	/usr/lib/libarchive.2.dylib
0x0000000005387000 	/System/Library/Frameworks/CFNetwork.framework/Versions/A/CFNetwork
0x0000000005387000 	/System/Library/Frameworks/SystemConfiguration.framework/Versions/A/SystemConfiguration
0x0000000005387000 	/usr/lib/libCRFSuite.dylib
0x0000000005387000 	/usr/lib/libc++.1.dylib
0x0000000005387000 	/usr/lib/libc++abi.dylib
0x0000000005387000 	/usr/lib/system/libcache.dylib
0x0000000005387000 	/usr/lib/system/libcommonCrypto.dylib
0x0000000005387000 	/usr/lib/system/libcompiler_rt.dylib
0x0000000005387000 	/usr/lib/system/libcopyfile.dylib
0x0000000005387000 	/usr/lib/system/libcorecrypto.dylib
0x0000000005387000 	/usr/lib/system/libdispatch.dylib
0x0000000005387000 	/usr/lib/system/libdyld.dylib
0x0000000005387000 	/usr/lib/system/libkeymgr.dylib
0x0000000005387000 	/usr/lib/system/liblaunch.dylib
0x0000000005387000 	/usr/lib/system/libmacho.dylib
0x0000000005387000 	/usr/lib/system/libquarantine.dylib
0x0000000005387000 	/usr/lib/system/libremovefile.dylib
0x0000000005387000 	/usr/lib/system/libsystem_asl.dylib
0x0000000005387000 	/usr/lib/system/libsystem_blocks.dylib
0x0000000005387000 	/usr/lib/system/libsystem_c.dylib
0x0000000005387000 	/usr/lib/system/libsystem_configuration.dylib
0x0000000005387000 	/usr/lib/system/libsystem_coreservices.dylib
0x0000000005387000 	/usr/lib/system/libsystem_coretls.dylib
0x0000000005387000 	/usr/lib/system/libsystem_dnssd.dylib
0x0000000005387000 	/usr/lib/system/libsystem_info.dylib
0x0000000005387000 	/usr/lib/system/libsystem_kernel.dylib
0x0000000005387000 	/usr/lib/system/libsystem_m.dylib
0x0000000005387000 	/usr/lib/system/libsystem_malloc.dylib
0x0000000005387000 	/usr/lib/system/libsystem_network.dylib
0x0000000005387000 	/usr/lib/system/libsystem_networkextension.dylib
0x0000000005387000 	/usr/lib/system/libsystem_notify.dylib
0x0000000005387000 	/usr/lib/system/libsystem_platform.dylib
0x0000000005387000 	/usr/lib/system/libsystem_pthread.dylib
0x0000000005387000 	/usr/lib/system/libsystem_sandbox.dylib
0x0000000005387000 	/usr/lib/system/libsystem_secinit.dylib
0x0000000005387000 	/usr/lib/system/libsystem_stats.dylib
0x0000000005387000 	/usr/lib/system/libsystem_trace.dylib
0x0000000005387000 	/usr/lib/system/libunc.dylib
0x0000000005387000 	/usr/lib/system/libunwind.dylib
0x0000000005387000 	/usr/lib/system/libxpc.dylib
0x0000000005387000 	/usr/lib/libbz2.1.0.dylib
0x0000000005387000 	/usr/lib/liblzma.5.dylib
0x0000000005387000 	/usr/lib/libbsm.0.dylib
0x0000000005387000 	/usr/lib/libsqlite3.dylib
0x0000000005387000 	/usr/lib/system/libkxld.dylib
0x0000000005387000 	/usr/lib/libxar.1.dylib
0x0000000005387000 	/usr/lib/libpam.2.dylib
0x0000000005387000 	/usr/lib/libOpenScriptingUtil.dylib
0x0000000005387000 	/System/Library/Frameworks/CoreServices.framework/Versions/A/Frameworks/FSEvents.framework/Versions/A/FSEvents
0x0000000005387000 	/System/Library/Frameworks/CoreServices.framework/Versions/A/Frameworks/CarbonCore.framework/Versions/A/CarbonCore
0x0000000005387000 	/System/Library/Frameworks/CoreServices.framework/Versions/A/Frameworks/Metadata.framework/Versions/A/Metadata
0x0000000005387000 	/System/Library/Frameworks/CoreServices.framework/Versions/A/Frameworks/OSServices.framework/Versions/A/OSServices
0x0000000005387000 	/System/Library/Frameworks/CoreServices.framework/Versions/A/Frameworks/SearchKit.framework/Versions/A/SearchKit
0x0000000005387000 	/System/Library/Frameworks/CoreServices.framework/Versions/A/Frameworks/AE.framework/Versions/A/AE
0x0000000005387000 	/System/Library/Frameworks/CoreServices.framework/Versions/A/Frameworks/LaunchServices.framework/Versions/A/LaunchServices
0x0000000005387000 	/System/Library/Frameworks/CoreServices.framework/Versions/A/Frameworks/DictionaryServices.framework/Versions/A/DictionaryServices
0x0000000005387000 	/System/Library/Frameworks/NetFS.framework/Versions/A/NetFS
0x0000000005387000 	/System/Library/PrivateFrameworks/NetAuth.framework/Versions/A/NetAuth
0x0000000005387000 	/System/Library/PrivateFrameworks/login.framework/Versions/A/Frameworks/loginsupport.framework/Versions/A/loginsupport
0x0000000005387000 	/System/Library/PrivateFrameworks/TCC.framework/Versions/A/TCC
0x0000000005387000 	/usr/lib/libmecabra.dylib
0x0000000005387000 	/System/Library/Frameworks/ApplicationServices.framework/Versions/A/Frameworks/ATS.framework/Versions/A/ATS
0x0000000005387000 	/System/Library/Frameworks/ApplicationServices.framework/Versions/A/Frameworks/ColorSync.framework/Versions/A/ColorSync
0x0000000005387000 	/System/Library/Frameworks/ApplicationServices.framework/Versions/A/Frameworks/HIServices.framework/Versions/A/HIServices
0x0000000005387000 	/System/Library/Frameworks/ApplicationServices.framework/Versions/A/Frameworks/LangAnalysis.framework/Versions/A/LangAnalysis
0x0000000005387000 	/System/Library/Frameworks/ApplicationServices.framework/Versions/A/Frameworks/PrintCore.framework/Versions/A/PrintCore
0x0000000005387000 	/System/Library/Frameworks/ApplicationServices.framework/Versions/A/Frameworks/QD.framework/Versions/A/QD
0x0000000005387000 	/System/Library/Frameworks/ApplicationServices.framework/Versions/A/Frameworks/SpeechSynthesis.framework/Versions/A/SpeechSynthesis
0x0000000005387000 	/System/Library/Frameworks/Accelerate.framework/Versions/A/Accelerate
0x0000000005387000 	/System/Library/Frameworks/Accelerate.framework/Versions/A/Frameworks/vImage.framework/Versions/A/vImage
0x0000000005387000 	/System/Library/Frameworks/Accelerate.framework/Versions/A/Frameworks/vecLib.framework/Versions/A/vecLib
0x0000000005387000 	/System/Library/Frameworks/Accelerate.framework/Versions/A/Frameworks/vecLib.framework/Versions/A/libvDSP.dylib
0x0000000005387000 	/System/Library/Frameworks/Accelerate.framework/Versions/A/Frameworks/vecLib.framework/Versions/A/libvMisc.dylib
0x0000000005387000 	/System/Library/Frameworks/Accelerate.framework/Versions/A/Frameworks/vecLib.framework/Versions/A/libLAPACK.dylib
0x0000000005387000 	/System/Library/Frameworks/Accelerate.framework/Versions/A/Frameworks/vecLib.framework/Versions/A/libBLAS.dylib
0x0000000005387000 	/System/Library/Frameworks/Accelerate.framework/Versions/A/Frameworks/vecLib.framework/Versions/A/libLinearAlgebra.dylib
0x0000000005387000 	/System/Library/Frameworks/ApplicationServices.framework/Versions/A/Frameworks/ATS.framework/Versions/A/Resources/libFontParser.dylib
0x0000000005387000 	/System/Library/Frameworks/ApplicationServices.framework/Versions/A/Frameworks/ATS.framework/Versions/A/Resources/libFontRegistry.dylib
0x0000000005387000 	/System/Library/PrivateFrameworks/AppleVPA.framework/Versions/A/AppleVPA
0x0000000005387000 	/System/Library/PrivateFrameworks/AppleJPEG.framework/Versions/A/AppleJPEG
0x0000000005387000 	/System/Library/Frameworks/ImageIO.framework/Versions/A/Resources/libJPEG.dylib
0x0000000005387000 	/System/Library/Frameworks/ImageIO.framework/Versions/A/Resources/libTIFF.dylib
0x0000000005387000 	/System/Library/Frameworks/ImageIO.framework/Versions/A/Resources/libPng.dylib
0x0000000005387000 	/System/Library/Frameworks/ImageIO.framework/Versions/A/Resources/libGIF.dylib
0x0000000005387000 	/System/Library/Frameworks/ImageIO.framework/Versions/A/Resources/libJP2.dylib
0x0000000005387000 	/System/Library/Frameworks/ImageIO.framework/Versions/A/Resources/libRadiance.dylib
0x0000000005387000 	/System/Library/Frameworks/CoreVideo.framework/Versions/A/CoreVideo
0x0000000005387000 	/System/Library/Frameworks/OpenGL.framework/Versions/A/Libraries/libGLU.dylib
0x0000000005387000 	/System/Library/Frameworks/OpenGL.framework/Versions/A/Libraries/libGFXShared.dylib
0x0000000005387000 	/System/Library/Frameworks/OpenGL.framework/Versions/A/Libraries/libGL.dylib
0x0000000005387000 	/System/Library/Frameworks/OpenGL.framework/Versions/A/Libraries/libGLImage.dylib
0x0000000005387000 	/System/Library/Frameworks/OpenGL.framework/Versions/A/Libraries/libCVMSPluginSupport.dylib
0x0000000005387000 	/System/Library/Frameworks/OpenGL.framework/Versions/A/Libraries/libCoreVMClient.dylib
0x0000000005387000 	/usr/lib/libcups.2.dylib
0x0000000005387000 	/System/Library/Frameworks/Kerberos.framework/Versions/A/Kerberos
0x0000000005387000 	/System/Library/Frameworks/GSS.framework/Versions/A/GSS
0x0000000005387000 	/usr/lib/libresolv.9.dylib
0x0000000005387000 	/usr/lib/libiconv.2.dylib
0x0000000005387000 	/System/Library/PrivateFrameworks/Heimdal.framework/Versions/A/Heimdal
0x0000000005387000 	/usr/lib/libheimdal-asn1.dylib
0x0000000005387000 	/System/Library/Frameworks/OpenDirectory.framework/Versions/A/OpenDirectory
0x0000000005387000 	/System/Library/PrivateFrameworks/CommonAuth.framework/Versions/A/CommonAuth
0x0000000005387000 	/System/Library/Frameworks/OpenDirectory.framework/Versions/A/Frameworks/CFOpenDirectory.framework/Versions/A/CFOpenDirectory
0x0000000005387000 	/System/Library/Frameworks/SecurityFoundation.framework/Versions/A/SecurityFoundation
0x0000000005387000 	/System/Library/PrivateFrameworks/LanguageModeling.framework/Versions/A/LanguageModeling
0x0000000005387000 	/usr/lib/libcmph.dylib
0x0000000005387000 	/System/Library/Frameworks/ServiceManagement.framework/Versions/A/ServiceManagement
0x0000000005387000 	/usr/lib/libxslt.1.dylib
0x0000000005387000 	/System/Library/Frameworks/Carbon.framework/Versions/A/Frameworks/Ink.framework/Versions/A/Ink
0x0000000005387000 	/System/Library/Frameworks/QuartzCore.framework/Versions/A/Frameworks/CoreImage.framework/Versions/A/CoreImage
0x0000000005387000 	/System/Library/PrivateFrameworks/CrashReporterSupport.framework/Versions/A/CrashReporterSupport
0x0000000005387000 	/System/Library/Frameworks/OpenCL.framework/Versions/A/OpenCL
0x0000000005387000 	/System/Library/PrivateFrameworks/FaceCore.framework/Versions/A/FaceCore
0x0000000005387000 	/System/Library/PrivateFrameworks/Ubiquity.framework/Versions/A/Ubiquity
0x0000000005387000 	/System/Library/PrivateFrameworks/IconServices.framework/Versions/A/IconServices
0x0000000005387000 	/System/Library/PrivateFrameworks/ChunkingLibrary.framework/Versions/A/ChunkingLibrary
0x0000000005387000 	/System/Library/PrivateFrameworks/Apple80211.framework/Versions/A/Apple80211
0x0000000005387000 	/System/Library/Frameworks/CoreWLAN.framework/Versions/A/CoreWLAN
0x0000000005387000 	/System/Library/Frameworks/IOBluetooth.framework/Versions/A/IOBluetooth
0x0000000005387000 	/System/Library/PrivateFrameworks/CoreWiFi.framework/Versions/A/CoreWiFi
0x0000000005387000 	/System/Library/Frameworks/CoreBluetooth.framework/Versions/A/CoreBluetooth
0x0000000005387000 	/System/Library/PrivateFrameworks/DebugSymbols.framework/Versions/A/DebugSymbols
0x0000000005387000 	/System/Library/PrivateFrameworks/CoreSymbolication.framework/Versions/A/CoreSymbolication
0x0000000005387000 	/System/Library/PrivateFrameworks/Symbolication.framework/Versions/A/Symbolication
0x0000000005387000 	/System/Library/PrivateFrameworks/SpeechRecognitionCore.framework/Versions/A/SpeechRecognitionCore
0x0000000100305000 	/System/Library/CoreServices/Encodings/libTraditionalChineseConverter.dylib
0x0000000100c00000 	/Library/Java/JavaVirtualMachines/jdk1.7.0_75.jdk/Contents/Home/jre/lib/server/libjvm.dylib
0x0000000005387000 	/usr/lib/libstdc++.6.dylib
0x00000001003e5000 	/Library/Java/JavaVirtualMachines/jdk1.7.0_75.jdk/Contents/Home/jre/lib/libverify.dylib
0x0000000101764000 	/Library/Java/JavaVirtualMachines/jdk1.7.0_75.jdk/Contents/Home/jre/lib/libjava.dylib
0x0000000101794000 	/Library/Java/JavaVirtualMachines/jdk1.7.0_75.jdk/Contents/Home/jre/lib/libzip.dylib
0x0000000109119000 	/System/Library/Frameworks/JavaVM.framework/Frameworks/JavaRuntimeSupport.framework/JavaRuntimeSupport
0x0000000109131000 	/System/Library/Frameworks/JavaVM.framework/Versions/A/Frameworks/JavaNativeFoundation.framework/Versions/A/JavaNativeFoundation
0x0000000109146000 	/System/Library/Frameworks/JavaVM.framework/Versions/A/JavaVM
0x0000000005387000 	/System/Library/Frameworks/Carbon.framework/Versions/A/Carbon
0x0000000109153000 	/System/Library/PrivateFrameworks/JavaLaunching.framework/Versions/A/JavaLaunching
0x0000000005387000 	/System/Library/Frameworks/Carbon.framework/Versions/A/Frameworks/CommonPanels.framework/Versions/A/CommonPanels
0x0000000005387000 	/System/Library/Frameworks/Carbon.framework/Versions/A/Frameworks/Help.framework/Versions/A/Help
0x0000000005387000 	/System/Library/Frameworks/Carbon.framework/Versions/A/Frameworks/ImageCapture.framework/Versions/A/ImageCapture
0x0000000005387000 	/System/Library/Frameworks/Carbon.framework/Versions/A/Frameworks/OpenScripting.framework/Versions/A/OpenScripting
0x0000000005387000 	/System/Library/Frameworks/Carbon.framework/Versions/A/Frameworks/Print.framework/Versions/A/Print
0x0000000005387000 	/System/Library/Frameworks/Carbon.framework/Versions/A/Frameworks/SecurityHI.framework/Versions/A/SecurityHI
0x000000010b095000 	/Library/Java/JavaVirtualMachines/jdk1.7.0_75.jdk/Contents/Home/jre/lib/libnet.dylib
0x000000010b0f3000 	/Library/Java/JavaVirtualMachines/jdk1.7.0_75.jdk/Contents/Home/jre/lib/libnio.dylib
0x000000010b102000 	/Users/LeongHouHeng/.gradle/native/19/osx-amd64/libnative-platform.dylib
0x000000010b044000 	/Library/Java/JavaVirtualMachines/jdk1.7.0_75.jdk/Contents/Home/jre/lib/libmanagement.dylib
0x000000010b04e000 	/Library/Java/JavaVirtualMachines/jdk1.7.0_75.jdk/Contents/Home/jre/lib/libsunec.dylib

VM Arguments:
jvm_args: -XX:MaxPermSize=256m -XX:+HeapDumpOnOutOfMemoryError -Xmx1024m -Dfile.encoding=UTF-8 -Duser.country=TW -Duser.language=zh -Duser.variant 
java_command: org.gradle.launcher.daemon.bootstrap.GradleDaemon 2.4 /Users/LeongHouHeng/.gradle /Users/LeongHouHeng/.gradle/daemon 10800000 d98e2e1c-0ffd-47bc-9922-67c904a47ae1 -XX:MaxPermSize=256m -XX:+HeapDumpOnOutOfMemoryError -Xmx1024m -Dfile.encoding=UTF-8 -Duser.country=TW -Duser.language=zh -Duser.variant
Launcher Type: SUN_STANDARD

Environment Variables:
PATH=/usr/bin:/bin:/usr/sbin:/sbin
SHELL=/bin/bash
DISPLAY=/private/tmp/com.apple.launchd.jSjbtDFnVA/org.macosforge.xquartz:0

Signal Handlers:
SIGSEGV: [libjvm.dylib+0x52d20d], sa_mask[0]=0xfffefeff, sa_flags=0x00000043
SIGBUS: [libjvm.dylib+0x52d20d], sa_mask[0]=0xfffefeff, sa_flags=0x00000042
SIGFPE: [libjvm.dylib+0x41ee7a], sa_mask[0]=0xfffefeff, sa_flags=0x00000042
SIGPIPE: [libjvm.dylib+0x41ee7a], sa_mask[0]=0xfffefeff, sa_flags=0x00000042
SIGXFSZ: [libjvm.dylib+0x41ee7a], sa_mask[0]=0xfffefeff, sa_flags=0x00000042
SIGILL: [libjvm.dylib+0x41ee7a], sa_mask[0]=0xfffefeff, sa_flags=0x00000042
SIGUSR1: SIG_DFL, sa_mask[0]=0x00000000, sa_flags=0x00000000
SIGUSR2: [libjvm.dylib+0x41e96c], sa_mask[0]=0x00000004, sa_flags=0x00000042
SIGHUP: [libjvm.dylib+0x41cbfd], sa_mask[0]=0xfffefeff, sa_flags=0x00000042
SIGINT: [libjvm.dylib+0x41cbfd], sa_mask[0]=0xfffefeff, sa_flags=0x00000042
SIGTERM: [libjvm.dylib+0x41cbfd], sa_mask[0]=0xfffefeff, sa_flags=0x00000042
SIGQUIT: [libjvm.dylib+0x41cbfd], sa_mask[0]=0xfffefeff, sa_flags=0x00000042


---------------  S Y S T E M  ---------------

OS:Bsduname:Darwin 14.1.0 Darwin Kernel Version 14.1.0: Mon Dec 22 23:10:38 PST 2014; root:xnu-2782.10.72~2/RELEASE_X86_64 x86_64
rlimit: STACK 8192k, CORE 0k, NPROC 709, NOFILE 10240, AS infinity
load average:2.91 2.98 2.60

CPU:total 4 (2 cores per cpu, 2 threads per core) family 6 model 69 stepping 1, cmov, cx8, fxsr, mmx, sse, sse2, sse3, ssse3, sse4.1, sse4.2, popcnt, avx, avx2, aes, erms, ht, tsc, tscinvbit

Memory: 4k page, physical 8388608k(2097152k free)

/proc/meminfo:


vm_info: Java HotSpot(TM) 64-Bit Server VM (24.75-b04) for bsd-amd64 JRE (1.7.0_75-b13), built on Dec 18 2014 21:48:12 by "java_re" with gcc 4.2.1 (Based on Apple Inc. build 5658) (LLVM build 2336.11.00)

time: Thu Oct 29 17:08:04 2015
elapsed time: 84787 seconds

